[0.014s] Invoking command in '/home/maze/ros2_ws/build/dynamixel_sdk_examples': AMENT_PREFIX_PATH=/home/maze/ros2_ws/install/dynamixel_sdk_custom_interfaces:/home/maze/ros2_ws/install/dynamixel_sdk:${AMENT_PREFIX_PATH} CMAKE_PREFIX_PATH=/home/maze/ros2_ws/install/dynamixel_sdk_custom_interfaces:/home/maze/ros2_ws/install/dynamixel_sdk:/opt/ros/humble LD_LIBRARY_PATH=/home/maze/ros2_ws/install/dynamixel_sdk_custom_interfaces/lib:/home/maze/ros2_ws/install/dynamixel_sdk/lib:${LD_LIBRARY_PATH} PYTHONPATH=/home/maze/ros2_ws/install/dynamixel_sdk_custom_interfaces/local/lib/python3.10/dist-packages:/home/maze/ros2_ws/install/dynamixel_sdk/local/lib/python3.10/dist-packages:${PYTHONPATH} /usr/bin/cmake /home/maze/ros2_ws/src/DynamixelSDK/ros/dynamixel_sdk_examples -DAMENT_CMAKE_SYMLINK_INSTALL=1 -DCMAKE_INSTALL_PREFIX=/home/maze/ros2_ws/install/dynamixel_sdk_examples
[0.078s] -- The C compiler identification is GNU 11.4.0
[0.129s] -- The CXX compiler identification is GNU 11.4.0
[0.135s] -- Detecting C compiler ABI info
[0.201s] -- Detecting C compiler ABI info - done
[0.207s] -- Check for working C compiler: /usr/bin/cc - skipped
[0.207s] -- Detecting C compile features
[0.207s] -- Detecting C compile features - done
[0.210s] -- Detecting CXX compiler ABI info
[0.282s] -- Detecting CXX compiler ABI info - done
[0.290s] -- Check for working CXX compiler: /usr/bin/c++ - skipped
[0.290s] -- Detecting CXX compile features
[0.290s] -- Detecting CXX compile features - done
[0.292s] -- Found ament_cmake: 1.3.12 (/opt/ros/humble/share/ament_cmake/cmake)
[0.415s] -- Found Python3: /usr/bin/python3 (found version "3.10.12") found components: Interpreter 
[0.462s] -- Override CMake install command with custom implementation using symlinks instead of copying resources
[0.483s] -- Found dynamixel_sdk: 3.8.4 (/home/maze/ros2_ws/install/dynamixel_sdk/share/dynamixel_sdk/cmake)
[0.485s] -- Found dynamixel_sdk_custom_interfaces: 3.8.4 (/home/maze/ros2_ws/install/dynamixel_sdk_custom_interfaces/share/dynamixel_sdk_custom_interfaces/cmake)
[0.508s] -- Found rosidl_generator_c: 3.1.7 (/opt/ros/humble/share/rosidl_generator_c/cmake)
[0.511s] -- Found rosidl_adapter: 3.1.7 (/opt/ros/humble/share/rosidl_adapter/cmake)
[0.516s] -- Found rosidl_generator_cpp: 3.1.7 (/opt/ros/humble/share/rosidl_generator_cpp/cmake)
[0.524s] -- Using all available rosidl_typesupport_c: rosidl_typesupport_fastrtps_c;rosidl_typesupport_introspection_c
[0.534s] -- Using all available rosidl_typesupport_cpp: rosidl_typesupport_fastrtps_cpp;rosidl_typesupport_introspection_cpp
[0.551s] -- Found rclcpp: 16.0.15 (/opt/ros/humble/share/rclcpp/cmake)
[0.578s] -- Found rmw_implementation_cmake: 6.1.2 (/opt/ros/humble/share/rmw_implementation_cmake/cmake)
[0.580s] -- Found rmw_fastrtps_cpp: 6.2.9 (/opt/ros/humble/share/rmw_fastrtps_cpp/cmake)
[0.649s] -- Found OpenSSL: /usr/lib/x86_64-linux-gnu/libcrypto.so (found version "3.0.2")  
[0.673s] -- Found FastRTPS: /opt/ros/humble/include  
[0.705s] -- Using RMW implementation 'rmw_fastrtps_cpp' as default
[0.710s] -- Looking for pthread.h
[0.774s] -- Looking for pthread.h - found
[0.774s] -- Performing Test CMAKE_HAVE_LIBC_PTHREAD
[0.839s] -- Performing Test CMAKE_HAVE_LIBC_PTHREAD - Success
[0.840s] -- Found Threads: TRUE  
[0.882s] -- Found rclpy: 3.3.17 (/opt/ros/humble/share/rclpy/cmake)
[0.884s] -- Found ament_lint_auto: 0.12.14 (/opt/ros/humble/share/ament_lint_auto/cmake)
[0.940s] -- Added test 'copyright' to check source files copyright and LICENSE
[0.940s] -- Added test 'cppcheck' to perform static code analysis on C / C++ code
[0.940s] -- Configured cppcheck include dirs: /home/maze/ros2_ws/src/DynamixelSDK/ros/dynamixel_sdk_examples/include
[0.941s] -- Configured cppcheck exclude dirs and/or files: 
[0.941s] -- Added test 'cpplint' to check C / C++ code against the Google style
[0.941s] -- Configured cpplint exclude dirs and/or files: 
[0.941s] -- Added test 'flake8' to check Python code syntax and style conventions
[0.941s] -- Added test 'lint_cmake' to check CMake code style
[0.942s] -- Added test 'pep257' to check Python code against some of the docstring style conventions in PEP 257
[0.942s] -- Added test 'uncrustify' to check C / C++ code style
[0.942s] -- Configured uncrustify additional arguments: 
[0.943s] -- Added test 'xmllint' to check XML markup files
[0.944s] -- Configuring done
[0.949s] -- Generating done
[0.951s] -- Build files have been written to: /home/maze/ros2_ws/build/dynamixel_sdk_examples
[0.961s] Invoked command in '/home/maze/ros2_ws/build/dynamixel_sdk_examples' returned '0': AMENT_PREFIX_PATH=/home/maze/ros2_ws/install/dynamixel_sdk_custom_interfaces:/home/maze/ros2_ws/install/dynamixel_sdk:${AMENT_PREFIX_PATH} CMAKE_PREFIX_PATH=/home/maze/ros2_ws/install/dynamixel_sdk_custom_interfaces:/home/maze/ros2_ws/install/dynamixel_sdk:/opt/ros/humble LD_LIBRARY_PATH=/home/maze/ros2_ws/install/dynamixel_sdk_custom_interfaces/lib:/home/maze/ros2_ws/install/dynamixel_sdk/lib:${LD_LIBRARY_PATH} PYTHONPATH=/home/maze/ros2_ws/install/dynamixel_sdk_custom_interfaces/local/lib/python3.10/dist-packages:/home/maze/ros2_ws/install/dynamixel_sdk/local/lib/python3.10/dist-packages:${PYTHONPATH} /usr/bin/cmake /home/maze/ros2_ws/src/DynamixelSDK/ros/dynamixel_sdk_examples -DAMENT_CMAKE_SYMLINK_INSTALL=1 -DCMAKE_INSTALL_PREFIX=/home/maze/ros2_ws/install/dynamixel_sdk_examples
[0.962s] Invoking command in '/home/maze/ros2_ws/build/dynamixel_sdk_examples': AMENT_PREFIX_PATH=/home/maze/ros2_ws/install/dynamixel_sdk_custom_interfaces:/home/maze/ros2_ws/install/dynamixel_sdk:${AMENT_PREFIX_PATH} CMAKE_PREFIX_PATH=/home/maze/ros2_ws/install/dynamixel_sdk_custom_interfaces:/home/maze/ros2_ws/install/dynamixel_sdk:/opt/ros/humble LD_LIBRARY_PATH=/home/maze/ros2_ws/install/dynamixel_sdk_custom_interfaces/lib:/home/maze/ros2_ws/install/dynamixel_sdk/lib:${LD_LIBRARY_PATH} PYTHONPATH=/home/maze/ros2_ws/install/dynamixel_sdk_custom_interfaces/local/lib/python3.10/dist-packages:/home/maze/ros2_ws/install/dynamixel_sdk/local/lib/python3.10/dist-packages:${PYTHONPATH} /usr/bin/cmake --build /home/maze/ros2_ws/build/dynamixel_sdk_examples -- -j20 -l20
[1.003s] [ 50%] [32mBuilding CXX object CMakeFiles/read_write_node.dir/src/read_write_node.cpp.o[0m
[10.956s] [100%] [32m[1mLinking CXX executable read_write_node[0m
[11.506s] [100%] Built target read_write_node
[11.524s] Invoked command in '/home/maze/ros2_ws/build/dynamixel_sdk_examples' returned '0': AMENT_PREFIX_PATH=/home/maze/ros2_ws/install/dynamixel_sdk_custom_interfaces:/home/maze/ros2_ws/install/dynamixel_sdk:${AMENT_PREFIX_PATH} CMAKE_PREFIX_PATH=/home/maze/ros2_ws/install/dynamixel_sdk_custom_interfaces:/home/maze/ros2_ws/install/dynamixel_sdk:/opt/ros/humble LD_LIBRARY_PATH=/home/maze/ros2_ws/install/dynamixel_sdk_custom_interfaces/lib:/home/maze/ros2_ws/install/dynamixel_sdk/lib:${LD_LIBRARY_PATH} PYTHONPATH=/home/maze/ros2_ws/install/dynamixel_sdk_custom_interfaces/local/lib/python3.10/dist-packages:/home/maze/ros2_ws/install/dynamixel_sdk/local/lib/python3.10/dist-packages:${PYTHONPATH} /usr/bin/cmake --build /home/maze/ros2_ws/build/dynamixel_sdk_examples -- -j20 -l20
[11.526s] Invoking command in '/home/maze/ros2_ws/build/dynamixel_sdk_examples': AMENT_PREFIX_PATH=/home/maze/ros2_ws/install/dynamixel_sdk_custom_interfaces:/home/maze/ros2_ws/install/dynamixel_sdk:${AMENT_PREFIX_PATH} CMAKE_PREFIX_PATH=/home/maze/ros2_ws/install/dynamixel_sdk_custom_interfaces:/home/maze/ros2_ws/install/dynamixel_sdk:/opt/ros/humble LD_LIBRARY_PATH=/home/maze/ros2_ws/install/dynamixel_sdk_custom_interfaces/lib:/home/maze/ros2_ws/install/dynamixel_sdk/lib:${LD_LIBRARY_PATH} PYTHONPATH=/home/maze/ros2_ws/install/dynamixel_sdk_custom_interfaces/local/lib/python3.10/dist-packages:/home/maze/ros2_ws/install/dynamixel_sdk/local/lib/python3.10/dist-packages:${PYTHONPATH} /usr/bin/cmake --install /home/maze/ros2_ws/build/dynamixel_sdk_examples
[11.537s] -- Install configuration: ""
[11.538s] -- Execute custom install script
[11.538s] -- Symlinking: /home/maze/ros2_ws/install/dynamixel_sdk_examples/lib/dynamixel_sdk_examples/read_write_node
[11.550s] -- Symlinking: /home/maze/ros2_ws/install/dynamixel_sdk_examples/lib/dynamixel_sdk_examples/read_write_node.py
[11.561s] -- Symlinking: /home/maze/ros2_ws/install/dynamixel_sdk_examples/share/ament_index/resource_index/package_run_dependencies/dynamixel_sdk_examples
[11.572s] -- Symlinking: /home/maze/ros2_ws/install/dynamixel_sdk_examples/share/ament_index/resource_index/parent_prefix_path/dynamixel_sdk_examples
[11.584s] -- Symlinking: /home/maze/ros2_ws/install/dynamixel_sdk_examples/share/dynamixel_sdk_examples/environment/ament_prefix_path.sh
[11.596s] -- Symlinking: /home/maze/ros2_ws/install/dynamixel_sdk_examples/share/dynamixel_sdk_examples/environment/ament_prefix_path.dsv
[11.608s] -- Symlinking: /home/maze/ros2_ws/install/dynamixel_sdk_examples/share/dynamixel_sdk_examples/environment/path.sh
[11.621s] -- Symlinking: /home/maze/ros2_ws/install/dynamixel_sdk_examples/share/dynamixel_sdk_examples/environment/path.dsv
[11.633s] -- Symlinking: /home/maze/ros2_ws/install/dynamixel_sdk_examples/share/dynamixel_sdk_examples/local_setup.bash
[11.646s] -- Symlinking: /home/maze/ros2_ws/install/dynamixel_sdk_examples/share/dynamixel_sdk_examples/local_setup.sh
[11.657s] -- Symlinking: /home/maze/ros2_ws/install/dynamixel_sdk_examples/share/dynamixel_sdk_examples/local_setup.zsh
[11.670s] -- Symlinking: /home/maze/ros2_ws/install/dynamixel_sdk_examples/share/dynamixel_sdk_examples/local_setup.dsv
[11.684s] -- Symlinking: /home/maze/ros2_ws/install/dynamixel_sdk_examples/share/dynamixel_sdk_examples/package.dsv
[11.696s] -- Symlinking: /home/maze/ros2_ws/install/dynamixel_sdk_examples/share/ament_index/resource_index/packages/dynamixel_sdk_examples
[11.710s] -- Symlinking: /home/maze/ros2_ws/install/dynamixel_sdk_examples/share/dynamixel_sdk_examples/cmake/dynamixel_sdk_examplesConfig.cmake
[11.723s] -- Symlinking: /home/maze/ros2_ws/install/dynamixel_sdk_examples/share/dynamixel_sdk_examples/cmake/dynamixel_sdk_examplesConfig-version.cmake
[11.734s] -- Symlinking: /home/maze/ros2_ws/install/dynamixel_sdk_examples/share/dynamixel_sdk_examples/package.xml
[11.748s] Invoked command in '/home/maze/ros2_ws/build/dynamixel_sdk_examples' returned '0': AMENT_PREFIX_PATH=/home/maze/ros2_ws/install/dynamixel_sdk_custom_interfaces:/home/maze/ros2_ws/install/dynamixel_sdk:${AMENT_PREFIX_PATH} CMAKE_PREFIX_PATH=/home/maze/ros2_ws/install/dynamixel_sdk_custom_interfaces:/home/maze/ros2_ws/install/dynamixel_sdk:/opt/ros/humble LD_LIBRARY_PATH=/home/maze/ros2_ws/install/dynamixel_sdk_custom_interfaces/lib:/home/maze/ros2_ws/install/dynamixel_sdk/lib:${LD_LIBRARY_PATH} PYTHONPATH=/home/maze/ros2_ws/install/dynamixel_sdk_custom_interfaces/local/lib/python3.10/dist-packages:/home/maze/ros2_ws/install/dynamixel_sdk/local/lib/python3.10/dist-packages:${PYTHONPATH} /usr/bin/cmake --install /home/maze/ros2_ws/build/dynamixel_sdk_examples
