[0.263s] Invoking command in '/home/maze/ros2_ws/build/turtlebot3_fake_node': CMAKE_PREFIX_PATH=/home/maze/ros2_ws/install/turtlebot3_msgs:/home/maze/ros2_ws/install/turtlebot3:/home/maze/ros2_ws/install/turtlebot3_simulations:/home/maze/ros2_ws/install/turtlebot3_bringup:/home/maze/ros2_ws/install/turtlebot3_node:/home/maze/ros2_ws/install/turtlebot3_navigation2:/home/maze/ros2_ws/install/turtlebot3_fake_node:/home/maze/ros2_ws/install/turtlebot3_manipulation_gazebo:/home/maze/ros2_ws/install/turtlebot3_gazebo:/home/maze/ros2_ws/install/turtlebot3_description:/home/maze/ros2_ws/install/turtlebot3_cartographer:/home/maze/ros2_ws/install/dynamixel_sdk_examples:/home/maze/ros2_ws/install/dynamixel_sdk_custom_interfaces:/home/maze/ros2_ws/install/dynamixel_sdk:/home/maze/ros2_ws/install/turtlebot3_teleop:/home/maze/ros2_ws/install/turtlebot3_example:/opt/ros/humble LD_LIBRARY_PATH=/home/maze/ros2_ws/install/turtlebot3_msgs/lib:/home/maze/ros2_ws/install/dynamixel_sdk_custom_interfaces/lib:/home/maze/ros2_ws/install/dynamixel_sdk/lib:/usr/lib/x86_64-linux-gnu/gazebo-11/plugins:/opt/ros/humble/opt/rviz_ogre_vendor/lib:/opt/ros/humble/lib/x86_64-linux-gnu:/opt/ros/humble/lib:/usr/lib/x86_64-linux-gnu/gazebo-11/plugins /usr/bin/cmake --build /home/maze/ros2_ws/build/turtlebot3_fake_node -- -j20 -l20
[0.290s] -- Found ament_cmake: 1.3.12 (/opt/ros/humble/share/ament_cmake/cmake)
[0.426s] -- Override CMake install command with custom implementation using symlinks instead of copying resources
[0.432s] -- Found geometry_msgs: 4.9.0 (/opt/ros/humble/share/geometry_msgs/cmake)
[0.455s] -- Found rosidl_generator_c: 3.1.7 (/opt/ros/humble/share/rosidl_generator_c/cmake)
[0.457s] -- Found rosidl_adapter: 3.1.7 (/opt/ros/humble/share/rosidl_adapter/cmake)
[0.463s] -- Found rosidl_generator_cpp: 3.1.7 (/opt/ros/humble/share/rosidl_generator_cpp/cmake)
[0.473s] -- Using all available rosidl_typesupport_c: rosidl_typesupport_fastrtps_c;rosidl_typesupport_introspection_c
[0.485s] -- Using all available rosidl_typesupport_cpp: rosidl_typesupport_fastrtps_cpp;rosidl_typesupport_introspection_cpp
[0.520s] -- Found nav_msgs: 4.9.0 (/opt/ros/humble/share/nav_msgs/cmake)
[0.534s] -- Found rclcpp: 16.0.16 (/opt/ros/humble/share/rclcpp/cmake)
[0.558s] -- Found rmw_implementation_cmake: 6.1.2 (/opt/ros/humble/share/rmw_implementation_cmake/cmake)
[0.559s] -- Found rmw_fastrtps_cpp: 6.2.9 (/opt/ros/humble/share/rmw_fastrtps_cpp/cmake)
[0.668s] -- Using RMW implementation 'rmw_fastrtps_cpp' as default
[0.705s] -- Found sensor_msgs: 4.9.0 (/opt/ros/humble/share/sensor_msgs/cmake)
[0.722s] -- Found tf2: 0.25.17 (/opt/ros/humble/share/tf2/cmake)
[0.726s] -- Found tf2_msgs: 0.25.17 (/opt/ros/humble/share/tf2_msgs/cmake)
[0.762s] -- Found turtlebot3_msgs: 2.4.0 (/home/maze/ros2_ws/install/turtlebot3_msgs/share/turtlebot3_msgs/cmake)
[0.880s] -- Configuring done
[0.902s] -- Generating done
[0.911s] -- Build files have been written to: /home/maze/ros2_ws/build/turtlebot3_fake_node
[0.960s] [35m[1mConsolidate compiler generated dependencies of target turtlebot3_fake_node[0m
[0.994s] [ 50%] [32mBuilding CXX object CMakeFiles/turtlebot3_fake_node.dir/src/turtlebot3_fake_node.cpp.o[0m
[12.045s] [100%] [32m[1mLinking CXX executable turtlebot3_fake_node[0m
[12.454s] [100%] Built target turtlebot3_fake_node
[12.466s] Invoked command in '/home/maze/ros2_ws/build/turtlebot3_fake_node' returned '0': CMAKE_PREFIX_PATH=/home/maze/ros2_ws/install/turtlebot3_msgs:/home/maze/ros2_ws/install/turtlebot3:/home/maze/ros2_ws/install/turtlebot3_simulations:/home/maze/ros2_ws/install/turtlebot3_bringup:/home/maze/ros2_ws/install/turtlebot3_node:/home/maze/ros2_ws/install/turtlebot3_navigation2:/home/maze/ros2_ws/install/turtlebot3_fake_node:/home/maze/ros2_ws/install/turtlebot3_manipulation_gazebo:/home/maze/ros2_ws/install/turtlebot3_gazebo:/home/maze/ros2_ws/install/turtlebot3_description:/home/maze/ros2_ws/install/turtlebot3_cartographer:/home/maze/ros2_ws/install/dynamixel_sdk_examples:/home/maze/ros2_ws/install/dynamixel_sdk_custom_interfaces:/home/maze/ros2_ws/install/dynamixel_sdk:/home/maze/ros2_ws/install/turtlebot3_teleop:/home/maze/ros2_ws/install/turtlebot3_example:/opt/ros/humble LD_LIBRARY_PATH=/home/maze/ros2_ws/install/turtlebot3_msgs/lib:/home/maze/ros2_ws/install/dynamixel_sdk_custom_interfaces/lib:/home/maze/ros2_ws/install/dynamixel_sdk/lib:/usr/lib/x86_64-linux-gnu/gazebo-11/plugins:/opt/ros/humble/opt/rviz_ogre_vendor/lib:/opt/ros/humble/lib/x86_64-linux-gnu:/opt/ros/humble/lib:/usr/lib/x86_64-linux-gnu/gazebo-11/plugins /usr/bin/cmake --build /home/maze/ros2_ws/build/turtlebot3_fake_node -- -j20 -l20
[12.469s] Invoking command in '/home/maze/ros2_ws/build/turtlebot3_fake_node': CMAKE_PREFIX_PATH=/home/maze/ros2_ws/install/turtlebot3_msgs:/home/maze/ros2_ws/install/turtlebot3:/home/maze/ros2_ws/install/turtlebot3_simulations:/home/maze/ros2_ws/install/turtlebot3_bringup:/home/maze/ros2_ws/install/turtlebot3_node:/home/maze/ros2_ws/install/turtlebot3_navigation2:/home/maze/ros2_ws/install/turtlebot3_fake_node:/home/maze/ros2_ws/install/turtlebot3_manipulation_gazebo:/home/maze/ros2_ws/install/turtlebot3_gazebo:/home/maze/ros2_ws/install/turtlebot3_description:/home/maze/ros2_ws/install/turtlebot3_cartographer:/home/maze/ros2_ws/install/dynamixel_sdk_examples:/home/maze/ros2_ws/install/dynamixel_sdk_custom_interfaces:/home/maze/ros2_ws/install/dynamixel_sdk:/home/maze/ros2_ws/install/turtlebot3_teleop:/home/maze/ros2_ws/install/turtlebot3_example:/opt/ros/humble LD_LIBRARY_PATH=/home/maze/ros2_ws/install/turtlebot3_msgs/lib:/home/maze/ros2_ws/install/dynamixel_sdk_custom_interfaces/lib:/home/maze/ros2_ws/install/dynamixel_sdk/lib:/usr/lib/x86_64-linux-gnu/gazebo-11/plugins:/opt/ros/humble/opt/rviz_ogre_vendor/lib:/opt/ros/humble/lib/x86_64-linux-gnu:/opt/ros/humble/lib:/usr/lib/x86_64-linux-gnu/gazebo-11/plugins /usr/bin/cmake --install /home/maze/ros2_ws/build/turtlebot3_fake_node
[12.475s] -- Install configuration: ""
[12.476s] -- Execute custom install script
[12.476s] -- Up-to-date symlink: /home/maze/ros2_ws/install/turtlebot3_fake_node/lib/turtlebot3_fake_node/turtlebot3_fake_node
[12.476s] -- Up-to-date symlink: /home/maze/ros2_ws/install/turtlebot3_fake_node/share/turtlebot3_fake_node/launch/rviz2.launch.py
[12.476s] -- Up-to-date symlink: /home/maze/ros2_ws/install/turtlebot3_fake_node/share/turtlebot3_fake_node/launch/turtlebot3_fake_node.launch.py
[12.477s] -- Up-to-date symlink: /home/maze/ros2_ws/install/turtlebot3_fake_node/share/turtlebot3_fake_node/param/burger.yaml
[12.477s] -- Up-to-date symlink: /home/maze/ros2_ws/install/turtlebot3_fake_node/share/turtlebot3_fake_node/param/waffle.yaml
[12.477s] -- Up-to-date symlink: /home/maze/ros2_ws/install/turtlebot3_fake_node/share/turtlebot3_fake_node/param/waffle_pi.yaml
[12.477s] -- Up-to-date symlink: /home/maze/ros2_ws/install/turtlebot3_fake_node/include//turtlebot3_fake_node/turtlebot3_fake_node.hpp
[12.477s] -- Up-to-date symlink: /home/maze/ros2_ws/install/turtlebot3_fake_node/share/ament_index/resource_index/package_run_dependencies/turtlebot3_fake_node
[12.477s] -- Up-to-date symlink: /home/maze/ros2_ws/install/turtlebot3_fake_node/share/ament_index/resource_index/parent_prefix_path/turtlebot3_fake_node
[12.477s] -- Up-to-date symlink: /home/maze/ros2_ws/install/turtlebot3_fake_node/share/turtlebot3_fake_node/environment/ament_prefix_path.sh
[12.478s] -- Up-to-date symlink: /home/maze/ros2_ws/install/turtlebot3_fake_node/share/turtlebot3_fake_node/environment/ament_prefix_path.dsv
[12.478s] -- Up-to-date symlink: /home/maze/ros2_ws/install/turtlebot3_fake_node/share/turtlebot3_fake_node/environment/path.sh
[12.478s] -- Up-to-date symlink: /home/maze/ros2_ws/install/turtlebot3_fake_node/share/turtlebot3_fake_node/environment/path.dsv
[12.478s] -- Up-to-date symlink: /home/maze/ros2_ws/install/turtlebot3_fake_node/share/turtlebot3_fake_node/local_setup.bash
[12.478s] -- Up-to-date symlink: /home/maze/ros2_ws/install/turtlebot3_fake_node/share/turtlebot3_fake_node/local_setup.sh
[12.478s] -- Up-to-date symlink: /home/maze/ros2_ws/install/turtlebot3_fake_node/share/turtlebot3_fake_node/local_setup.zsh
[12.478s] -- Up-to-date symlink: /home/maze/ros2_ws/install/turtlebot3_fake_node/share/turtlebot3_fake_node/local_setup.dsv
[12.478s] -- Symlinking: /home/maze/ros2_ws/install/turtlebot3_fake_node/share/turtlebot3_fake_node/package.dsv
[12.488s] -- Up-to-date symlink: /home/maze/ros2_ws/install/turtlebot3_fake_node/share/ament_index/resource_index/packages/turtlebot3_fake_node
[12.488s] -- Up-to-date symlink: /home/maze/ros2_ws/install/turtlebot3_fake_node/share/turtlebot3_fake_node/cmake/ament_cmake_export_include_directories-extras.cmake
[12.488s] -- Up-to-date symlink: /home/maze/ros2_ws/install/turtlebot3_fake_node/share/turtlebot3_fake_node/cmake/ament_cmake_export_dependencies-extras.cmake
[12.488s] -- Up-to-date symlink: /home/maze/ros2_ws/install/turtlebot3_fake_node/share/turtlebot3_fake_node/cmake/turtlebot3_fake_nodeConfig.cmake
[12.488s] -- Up-to-date symlink: /home/maze/ros2_ws/install/turtlebot3_fake_node/share/turtlebot3_fake_node/cmake/turtlebot3_fake_nodeConfig-version.cmake
[12.488s] -- Up-to-date symlink: /home/maze/ros2_ws/install/turtlebot3_fake_node/share/turtlebot3_fake_node/package.xml
[12.491s] Invoked command in '/home/maze/ros2_ws/build/turtlebot3_fake_node' returned '0': CMAKE_PREFIX_PATH=/home/maze/ros2_ws/install/turtlebot3_msgs:/home/maze/ros2_ws/install/turtlebot3:/home/maze/ros2_ws/install/turtlebot3_simulations:/home/maze/ros2_ws/install/turtlebot3_bringup:/home/maze/ros2_ws/install/turtlebot3_node:/home/maze/ros2_ws/install/turtlebot3_navigation2:/home/maze/ros2_ws/install/turtlebot3_fake_node:/home/maze/ros2_ws/install/turtlebot3_manipulation_gazebo:/home/maze/ros2_ws/install/turtlebot3_gazebo:/home/maze/ros2_ws/install/turtlebot3_description:/home/maze/ros2_ws/install/turtlebot3_cartographer:/home/maze/ros2_ws/install/dynamixel_sdk_examples:/home/maze/ros2_ws/install/dynamixel_sdk_custom_interfaces:/home/maze/ros2_ws/install/dynamixel_sdk:/home/maze/ros2_ws/install/turtlebot3_teleop:/home/maze/ros2_ws/install/turtlebot3_example:/opt/ros/humble LD_LIBRARY_PATH=/home/maze/ros2_ws/install/turtlebot3_msgs/lib:/home/maze/ros2_ws/install/dynamixel_sdk_custom_interfaces/lib:/home/maze/ros2_ws/install/dynamixel_sdk/lib:/usr/lib/x86_64-linux-gnu/gazebo-11/plugins:/opt/ros/humble/opt/rviz_ogre_vendor/lib:/opt/ros/humble/lib/x86_64-linux-gnu:/opt/ros/humble/lib:/usr/lib/x86_64-linux-gnu/gazebo-11/plugins /usr/bin/cmake --install /home/maze/ros2_ws/build/turtlebot3_fake_node
