[0.013s] Invoking command in '/home/maze/ros2_ws/build/turtlebot3_node': AMENT_PREFIX_PATH=/home/maze/ros2_ws/install/turtlebot3_msgs:/home/maze/ros2_ws/install/dynamixel_sdk:${AMENT_PREFIX_PATH} CMAKE_PREFIX_PATH=/home/maze/ros2_ws/install/turtlebot3_msgs:/home/maze/ros2_ws/install/dynamixel_sdk:/opt/ros/humble LD_LIBRARY_PATH=/home/maze/ros2_ws/install/turtlebot3_msgs/lib:/home/maze/ros2_ws/install/dynamixel_sdk/lib:${LD_LIBRARY_PATH} PYTHONPATH=/home/maze/ros2_ws/install/turtlebot3_msgs/local/lib/python3.10/dist-packages:/home/maze/ros2_ws/install/dynamixel_sdk/local/lib/python3.10/dist-packages:${PYTHONPATH} /usr/bin/cmake /home/maze/ros2_ws/src/turtlebot3/turtlebot3_node -DAMENT_CMAKE_SYMLINK_INSTALL=1 -DCMAKE_INSTALL_PREFIX=/home/maze/ros2_ws/install/turtlebot3_node
[0.068s] -- The C compiler identification is GNU 11.4.0
[0.122s] -- The CXX compiler identification is GNU 11.4.0
[0.129s] -- Detecting C compiler ABI info
[0.201s] -- Detecting C compiler ABI info - done
[0.209s] -- Check for working C compiler: /usr/bin/cc - skipped
[0.209s] -- Detecting C compile features
[0.210s] -- Detecting C compile features - done
[0.213s] -- Detecting CXX compiler ABI info
[0.288s] -- Detecting CXX compiler ABI info - done
[0.296s] -- Check for working CXX compiler: /usr/bin/c++ - skipped
[0.296s] -- Detecting CXX compile features
[0.296s] -- Detecting CXX compile features - done
[0.298s] -- Found ament_cmake: 1.3.12 (/opt/ros/humble/share/ament_cmake/cmake)
[0.442s] -- Found Python3: /usr/bin/python3 (found version "3.10.12") found components: Interpreter 
[0.496s] -- Override CMake install command with custom implementation using symlinks instead of copying resources
[0.518s] -- Found dynamixel_sdk: 3.8.4 (/home/maze/ros2_ws/install/dynamixel_sdk/share/dynamixel_sdk/cmake)
[0.521s] -- Found geometry_msgs: 4.9.0 (/opt/ros/humble/share/geometry_msgs/cmake)
[0.550s] -- Found rosidl_generator_c: 3.1.7 (/opt/ros/humble/share/rosidl_generator_c/cmake)
[0.554s] -- Found rosidl_adapter: 3.1.7 (/opt/ros/humble/share/rosidl_adapter/cmake)
[0.561s] -- Found rosidl_generator_cpp: 3.1.7 (/opt/ros/humble/share/rosidl_generator_cpp/cmake)
[0.572s] -- Using all available rosidl_typesupport_c: rosidl_typesupport_fastrtps_c;rosidl_typesupport_introspection_c
[0.585s] -- Using all available rosidl_typesupport_cpp: rosidl_typesupport_fastrtps_cpp;rosidl_typesupport_introspection_cpp
[0.618s] -- Found message_filters: 4.3.11 (/opt/ros/humble/share/message_filters/cmake)
[0.651s] -- Found rmw_implementation_cmake: 6.1.2 (/opt/ros/humble/share/rmw_implementation_cmake/cmake)
[0.653s] -- Found rmw_fastrtps_cpp: 6.2.9 (/opt/ros/humble/share/rmw_fastrtps_cpp/cmake)
[0.733s] -- Found OpenSSL: /usr/lib/x86_64-linux-gnu/libcrypto.so (found version "3.0.2")  
[0.757s] -- Found FastRTPS: /opt/ros/humble/include  
[0.797s] -- Using RMW implementation 'rmw_fastrtps_cpp' as default
[0.806s] -- Looking for pthread.h
[0.876s] -- Looking for pthread.h - found
[0.876s] -- Performing Test CMAKE_HAVE_LIBC_PTHREAD
[0.947s] -- Performing Test CMAKE_HAVE_LIBC_PTHREAD - Success
[0.948s] -- Found Threads: TRUE  
[0.979s] -- Found nav_msgs: 4.9.0 (/opt/ros/humble/share/nav_msgs/cmake)
[0.993s] -- Found sensor_msgs: 4.9.0 (/opt/ros/humble/share/sensor_msgs/cmake)
[1.008s] -- Found std_srvs: 4.9.0 (/opt/ros/humble/share/std_srvs/cmake)
[1.015s] -- Found tf2: 0.25.16 (/opt/ros/humble/share/tf2/cmake)
[1.022s] -- Found tf2_ros: 0.25.16 (/opt/ros/humble/share/tf2_ros/cmake)
[1.076s] -- Found turtlebot3_msgs: 2.4.0 (/home/maze/ros2_ws/install/turtlebot3_msgs/share/turtlebot3_msgs/cmake)
[1.141s] -- Configuring done
[1.153s] -- Generating done
[1.158s] -- Build files have been written to: /home/maze/ros2_ws/build/turtlebot3_node
[1.169s] Invoked command in '/home/maze/ros2_ws/build/turtlebot3_node' returned '0': AMENT_PREFIX_PATH=/home/maze/ros2_ws/install/turtlebot3_msgs:/home/maze/ros2_ws/install/dynamixel_sdk:${AMENT_PREFIX_PATH} CMAKE_PREFIX_PATH=/home/maze/ros2_ws/install/turtlebot3_msgs:/home/maze/ros2_ws/install/dynamixel_sdk:/opt/ros/humble LD_LIBRARY_PATH=/home/maze/ros2_ws/install/turtlebot3_msgs/lib:/home/maze/ros2_ws/install/dynamixel_sdk/lib:${LD_LIBRARY_PATH} PYTHONPATH=/home/maze/ros2_ws/install/turtlebot3_msgs/local/lib/python3.10/dist-packages:/home/maze/ros2_ws/install/dynamixel_sdk/local/lib/python3.10/dist-packages:${PYTHONPATH} /usr/bin/cmake /home/maze/ros2_ws/src/turtlebot3/turtlebot3_node -DAMENT_CMAKE_SYMLINK_INSTALL=1 -DCMAKE_INSTALL_PREFIX=/home/maze/ros2_ws/install/turtlebot3_node
[1.170s] Invoking command in '/home/maze/ros2_ws/build/turtlebot3_node': AMENT_PREFIX_PATH=/home/maze/ros2_ws/install/turtlebot3_msgs:/home/maze/ros2_ws/install/dynamixel_sdk:${AMENT_PREFIX_PATH} CMAKE_PREFIX_PATH=/home/maze/ros2_ws/install/turtlebot3_msgs:/home/maze/ros2_ws/install/dynamixel_sdk:/opt/ros/humble LD_LIBRARY_PATH=/home/maze/ros2_ws/install/turtlebot3_msgs/lib:/home/maze/ros2_ws/install/dynamixel_sdk/lib:${LD_LIBRARY_PATH} PYTHONPATH=/home/maze/ros2_ws/install/turtlebot3_msgs/local/lib/python3.10/dist-packages:/home/maze/ros2_ws/install/dynamixel_sdk/local/lib/python3.10/dist-packages:${PYTHONPATH} /usr/bin/cmake --build /home/maze/ros2_ws/build/turtlebot3_node -- -j20 -l20
[1.220s] [ 14%] [32mBuilding CXX object CMakeFiles/turtlebot3_node_lib.dir/src/devices/reset.cpp.o[0m
[1.221s] [ 14%] [32mBuilding CXX object CMakeFiles/turtlebot3_node_lib.dir/src/devices/sound.cpp.o[0m
[1.222s] [ 28%] [32mBuilding CXX object CMakeFiles/turtlebot3_node_lib.dir/src/odometry.cpp.o[0m
[1.222s] [ 28%] [32mBuilding CXX object CMakeFiles/turtlebot3_node_lib.dir/src/sensors/battery_state.cpp.o[0m
[1.223s] [ 35%] [32mBuilding CXX object CMakeFiles/turtlebot3_node_lib.dir/src/sensors/joint_state.cpp.o[0m
[1.223s] [ 42%] [32mBuilding CXX object CMakeFiles/turtlebot3_node_lib.dir/src/devices/motor_power.cpp.o[0m
[1.224s] [ 50%] [32mBuilding CXX object CMakeFiles/turtlebot3_node_lib.dir/src/dynamixel_sdk_wrapper.cpp.o[0m
[1.224s] [ 57%] [32mBuilding CXX object CMakeFiles/turtlebot3_node_lib.dir/src/diff_drive_controller.cpp.o[0m
[1.225s] [ 64%] [32mBuilding CXX object CMakeFiles/turtlebot3_node_lib.dir/src/turtlebot3.cpp.o[0m
[1.227s] [ 71%] [32mBuilding CXX object CMakeFiles/turtlebot3_node_lib.dir/src/sensors/imu.cpp.o[0m
[1.227s] [ 78%] [32mBuilding CXX object CMakeFiles/turtlebot3_node_lib.dir/src/sensors/sensor_state.cpp.o[0m
[15.929s] [ 85%] [32m[1mLinking CXX static library libturtlebot3_node_lib.a[0m
[16.442s] [ 85%] Built target turtlebot3_node_lib
[16.466s] [ 92%] [32mBuilding CXX object CMakeFiles/turtlebot3_ros.dir/src/node_main.cpp.o[0m
[18.512s] [100%] [32m[1mLinking CXX executable turtlebot3_ros[0m
[19.724s] [100%] Built target turtlebot3_ros
[19.735s] Invoked command in '/home/maze/ros2_ws/build/turtlebot3_node' returned '0': AMENT_PREFIX_PATH=/home/maze/ros2_ws/install/turtlebot3_msgs:/home/maze/ros2_ws/install/dynamixel_sdk:${AMENT_PREFIX_PATH} CMAKE_PREFIX_PATH=/home/maze/ros2_ws/install/turtlebot3_msgs:/home/maze/ros2_ws/install/dynamixel_sdk:/opt/ros/humble LD_LIBRARY_PATH=/home/maze/ros2_ws/install/turtlebot3_msgs/lib:/home/maze/ros2_ws/install/dynamixel_sdk/lib:${LD_LIBRARY_PATH} PYTHONPATH=/home/maze/ros2_ws/install/turtlebot3_msgs/local/lib/python3.10/dist-packages:/home/maze/ros2_ws/install/dynamixel_sdk/local/lib/python3.10/dist-packages:${PYTHONPATH} /usr/bin/cmake --build /home/maze/ros2_ws/build/turtlebot3_node -- -j20 -l20
[19.737s] Invoking command in '/home/maze/ros2_ws/build/turtlebot3_node': AMENT_PREFIX_PATH=/home/maze/ros2_ws/install/turtlebot3_msgs:/home/maze/ros2_ws/install/dynamixel_sdk:${AMENT_PREFIX_PATH} CMAKE_PREFIX_PATH=/home/maze/ros2_ws/install/turtlebot3_msgs:/home/maze/ros2_ws/install/dynamixel_sdk:/opt/ros/humble LD_LIBRARY_PATH=/home/maze/ros2_ws/install/turtlebot3_msgs/lib:/home/maze/ros2_ws/install/dynamixel_sdk/lib:${LD_LIBRARY_PATH} PYTHONPATH=/home/maze/ros2_ws/install/turtlebot3_msgs/local/lib/python3.10/dist-packages:/home/maze/ros2_ws/install/dynamixel_sdk/local/lib/python3.10/dist-packages:${PYTHONPATH} /usr/bin/cmake --install /home/maze/ros2_ws/build/turtlebot3_node
[19.742s] -- Install configuration: ""
[19.742s] -- Execute custom install script
[19.742s] -- Symlinking: /home/maze/ros2_ws/install/turtlebot3_node/share/turtlebot3_node/param/burger.yaml
[19.750s] -- Symlinking: /home/maze/ros2_ws/install/turtlebot3_node/share/turtlebot3_node/param/waffle.yaml
[19.759s] -- Symlinking: /home/maze/ros2_ws/install/turtlebot3_node/share/turtlebot3_node/param/waffle_pi.yaml
[19.767s] -- Symlinking: /home/maze/ros2_ws/install/turtlebot3_node/lib/turtlebot3_node/turtlebot3_ros
[19.775s] -- Symlinking: /home/maze/ros2_ws/install/turtlebot3_node/share/ament_index/resource_index/package_run_dependencies/turtlebot3_node
[19.781s] -- Symlinking: /home/maze/ros2_ws/install/turtlebot3_node/share/ament_index/resource_index/parent_prefix_path/turtlebot3_node
[19.788s] -- Symlinking: /home/maze/ros2_ws/install/turtlebot3_node/share/turtlebot3_node/environment/ament_prefix_path.sh
[19.794s] -- Symlinking: /home/maze/ros2_ws/install/turtlebot3_node/share/turtlebot3_node/environment/ament_prefix_path.dsv
[19.800s] -- Symlinking: /home/maze/ros2_ws/install/turtlebot3_node/share/turtlebot3_node/environment/path.sh
[19.809s] -- Symlinking: /home/maze/ros2_ws/install/turtlebot3_node/share/turtlebot3_node/environment/path.dsv
[19.817s] -- Symlinking: /home/maze/ros2_ws/install/turtlebot3_node/share/turtlebot3_node/local_setup.bash
[19.824s] -- Symlinking: /home/maze/ros2_ws/install/turtlebot3_node/share/turtlebot3_node/local_setup.sh
[19.829s] -- Symlinking: /home/maze/ros2_ws/install/turtlebot3_node/share/turtlebot3_node/local_setup.zsh
[19.836s] -- Symlinking: /home/maze/ros2_ws/install/turtlebot3_node/share/turtlebot3_node/local_setup.dsv
[19.843s] -- Symlinking: /home/maze/ros2_ws/install/turtlebot3_node/share/turtlebot3_node/package.dsv
[19.850s] -- Symlinking: /home/maze/ros2_ws/install/turtlebot3_node/share/ament_index/resource_index/packages/turtlebot3_node
[19.860s] -- Symlinking: /home/maze/ros2_ws/install/turtlebot3_node/share/turtlebot3_node/cmake/ament_cmake_export_dependencies-extras.cmake
[19.871s] -- Symlinking: /home/maze/ros2_ws/install/turtlebot3_node/share/turtlebot3_node/cmake/ament_cmake_export_include_directories-extras.cmake
[19.883s] -- Symlinking: /home/maze/ros2_ws/install/turtlebot3_node/share/turtlebot3_node/cmake/turtlebot3_nodeConfig.cmake
[19.893s] -- Symlinking: /home/maze/ros2_ws/install/turtlebot3_node/share/turtlebot3_node/cmake/turtlebot3_nodeConfig-version.cmake
[19.902s] -- Symlinking: /home/maze/ros2_ws/install/turtlebot3_node/share/turtlebot3_node/package.xml
[19.916s] Invoked command in '/home/maze/ros2_ws/build/turtlebot3_node' returned '0': AMENT_PREFIX_PATH=/home/maze/ros2_ws/install/turtlebot3_msgs:/home/maze/ros2_ws/install/dynamixel_sdk:${AMENT_PREFIX_PATH} CMAKE_PREFIX_PATH=/home/maze/ros2_ws/install/turtlebot3_msgs:/home/maze/ros2_ws/install/dynamixel_sdk:/opt/ros/humble LD_LIBRARY_PATH=/home/maze/ros2_ws/install/turtlebot3_msgs/lib:/home/maze/ros2_ws/install/dynamixel_sdk/lib:${LD_LIBRARY_PATH} PYTHONPATH=/home/maze/ros2_ws/install/turtlebot3_msgs/local/lib/python3.10/dist-packages:/home/maze/ros2_ws/install/dynamixel_sdk/local/lib/python3.10/dist-packages:${PYTHONPATH} /usr/bin/cmake --install /home/maze/ros2_ws/build/turtlebot3_node
