[0.019s] Invoking command in '/home/maze/ros2_ws/build/dynamixel_sdk': CMAKE_PREFIX_PATH=/opt/ros/humble /usr/bin/cmake /home/maze/ros2_ws/src/DynamixelSDK/ros/dynamixel_sdk -DAMENT_CMAKE_SYMLINK_INSTALL=1 -DCMAKE_INSTALL_PREFIX=/home/maze/ros2_ws/install/dynamixel_sdk
[0.124s] -- The C compiler identification is GNU 11.4.0
[0.199s] -- The CXX compiler identification is GNU 11.4.0
[0.210s] -- Detecting C compiler ABI info
[0.297s] -- Detecting C compiler ABI info - done
[0.307s] -- Check for working C compiler: /usr/bin/cc - skipped
[0.307s] -- Detecting C compile features
[0.308s] -- Detecting C compile features - done
[0.311s] -- Detecting CXX compiler ABI info
[0.406s] -- Detecting CXX compiler ABI info - done
[0.415s] -- Check for working CXX compiler: /usr/bin/c++ - skipped
[0.415s] -- Detecting CXX compile features
[0.416s] -- Detecting CXX compile features - done
[0.418s] -- Found ament_cmake: 1.3.12 (/opt/ros/humble/share/ament_cmake/cmake)
[0.596s] -- Found Python3: /usr/bin/python3 (found version "3.10.12") found components: Interpreter 
[0.670s] -- Override CMake install command with custom implementation using symlinks instead of copying resources
[0.882s] -- Configuring done
[0.888s] -- Generating done
[0.892s] -- Build files have been written to: /home/maze/ros2_ws/build/dynamixel_sdk
[0.895s] Invoked command in '/home/maze/ros2_ws/build/dynamixel_sdk' returned '0': CMAKE_PREFIX_PATH=/opt/ros/humble /usr/bin/cmake /home/maze/ros2_ws/src/DynamixelSDK/ros/dynamixel_sdk -DAMENT_CMAKE_SYMLINK_INSTALL=1 -DCMAKE_INSTALL_PREFIX=/home/maze/ros2_ws/install/dynamixel_sdk
[0.897s] Invoking command in '/home/maze/ros2_ws/build/dynamixel_sdk': CMAKE_PREFIX_PATH=/opt/ros/humble /usr/bin/cmake --build /home/maze/ros2_ws/build/dynamixel_sdk -- -j20 -l20
[0.958s] [  7%] [32mBuilding CXX object CMakeFiles/dynamixel_sdk.dir/src/dynamixel_sdk/group_sync_read.cpp.o[0m
[0.959s] [ 38%] [32mBuilding CXX object CMakeFiles/dynamixel_sdk.dir/src/dynamixel_sdk/group_bulk_read.cpp.o[0m
[0.959s] [ 38%] [32mBuilding CXX object CMakeFiles/dynamixel_sdk.dir/src/dynamixel_sdk/protocol2_packet_handler.cpp.o[0m
[0.959s] [ 38%] [32mBuilding CXX object CMakeFiles/dynamixel_sdk.dir/src/dynamixel_sdk/protocol1_packet_handler.cpp.o[0m
[0.959s] [ 38%] [32mBuilding CXX object CMakeFiles/dynamixel_sdk.dir/src/dynamixel_sdk/group_bulk_write.cpp.o[0m
[0.959s] [ 46%] [32mBuilding CXX object CMakeFiles/dynamixel_sdk.dir/src/dynamixel_sdk/packet_handler.cpp.o[0m
[0.961s] [ 53%] [32mBuilding CXX object CMakeFiles/dynamixel_sdk.dir/src/dynamixel_sdk/group_sync_write.cpp.o[0m
[0.961s] [ 61%] [32mBuilding CXX object CMakeFiles/dynamixel_sdk.dir/src/dynamixel_sdk/group_fast_bulk_read.cpp.o[0m
[0.962s] [ 69%] [32mBuilding CXX object CMakeFiles/dynamixel_sdk.dir/src/dynamixel_sdk/port_handler_linux.cpp.o[0m
[0.962s] [ 76%] [32mBuilding CXX object CMakeFiles/dynamixel_sdk.dir/src/dynamixel_sdk/port_handler.cpp.o[0m
[0.962s] [ 84%] [32mBuilding CXX object CMakeFiles/dynamixel_sdk.dir/src/dynamixel_sdk/group_handler.cpp.o[0m
[0.962s] [ 92%] [32mBuilding CXX object CMakeFiles/dynamixel_sdk.dir/src/dynamixel_sdk/group_fast_sync_read.cpp.o[0m
[0.974s] [ 92%] Built target ament_cmake_python_symlink_dynamixel_sdk
[1.342s] running egg_info
[1.343s] creating dynamixel_sdk.egg-info
[1.344s] writing dynamixel_sdk.egg-info/PKG-INFO
[1.344s] writing dependency_links to dynamixel_sdk.egg-info/dependency_links.txt
[1.345s] writing top-level names to dynamixel_sdk.egg-info/top_level.txt
[1.345s] writing manifest file 'dynamixel_sdk.egg-info/SOURCES.txt'
[1.348s] reading manifest file 'dynamixel_sdk.egg-info/SOURCES.txt'
[1.349s] writing manifest file 'dynamixel_sdk.egg-info/SOURCES.txt'
[1.391s] [ 92%] Built target ament_cmake_python_build_dynamixel_sdk_egg
[1.701s] [100%] [32m[1mLinking CXX shared library libdynamixel_sdk.so[0m
[1.783s] [100%] Built target dynamixel_sdk
[1.796s] Invoked command in '/home/maze/ros2_ws/build/dynamixel_sdk' returned '0': CMAKE_PREFIX_PATH=/opt/ros/humble /usr/bin/cmake --build /home/maze/ros2_ws/build/dynamixel_sdk -- -j20 -l20
[1.798s] Invoking command in '/home/maze/ros2_ws/build/dynamixel_sdk': CMAKE_PREFIX_PATH=/opt/ros/humble /usr/bin/cmake --install /home/maze/ros2_ws/build/dynamixel_sdk
[1.804s] -- Install configuration: ""
[1.805s] -- Execute custom install script
[1.805s] -- Symlinking: /home/maze/ros2_ws/install/dynamixel_sdk/include//dynamixel_sdk/dynamixel_sdk.h
[1.813s] -- Symlinking: /home/maze/ros2_ws/install/dynamixel_sdk/include//dynamixel_sdk/group_bulk_read.h
[1.821s] -- Symlinking: /home/maze/ros2_ws/install/dynamixel_sdk/include//dynamixel_sdk/group_bulk_write.h
[1.828s] -- Symlinking: /home/maze/ros2_ws/install/dynamixel_sdk/include//dynamixel_sdk/group_fast_bulk_read.h
[1.837s] -- Symlinking: /home/maze/ros2_ws/install/dynamixel_sdk/include//dynamixel_sdk/group_fast_sync_read.h
[1.847s] -- Symlinking: /home/maze/ros2_ws/install/dynamixel_sdk/include//dynamixel_sdk/group_handler.h
[1.857s] -- Symlinking: /home/maze/ros2_ws/install/dynamixel_sdk/include//dynamixel_sdk/group_sync_read.h
[1.865s] -- Symlinking: /home/maze/ros2_ws/install/dynamixel_sdk/include//dynamixel_sdk/group_sync_write.h
[1.872s] -- Symlinking: /home/maze/ros2_ws/install/dynamixel_sdk/include//dynamixel_sdk/packet_handler.h
[1.879s] -- Symlinking: /home/maze/ros2_ws/install/dynamixel_sdk/include//dynamixel_sdk/port_handler.h
[1.886s] -- Symlinking: /home/maze/ros2_ws/install/dynamixel_sdk/include//dynamixel_sdk/port_handler_arduino.h
[1.893s] -- Symlinking: /home/maze/ros2_ws/install/dynamixel_sdk/include//dynamixel_sdk/port_handler_linux.h
[1.901s] -- Symlinking: /home/maze/ros2_ws/install/dynamixel_sdk/include//dynamixel_sdk/port_handler_mac.h
[1.909s] -- Symlinking: /home/maze/ros2_ws/install/dynamixel_sdk/include//dynamixel_sdk/port_handler_windows.h
[1.917s] -- Symlinking: /home/maze/ros2_ws/install/dynamixel_sdk/include//dynamixel_sdk/protocol1_packet_handler.h
[1.926s] -- Symlinking: /home/maze/ros2_ws/install/dynamixel_sdk/include//dynamixel_sdk/protocol2_packet_handler.h
[1.935s] -- Symlinking: /home/maze/ros2_ws/install/dynamixel_sdk/share/dynamixel_sdk/environment/pythonpath.sh
[1.944s] -- Symlinking: /home/maze/ros2_ws/install/dynamixel_sdk/share/dynamixel_sdk/environment/pythonpath.dsv
[1.954s] -- Symlinking: /home/maze/ros2_ws/install/dynamixel_sdk/local/lib/python3.10/dist-packages/dynamixel_sdk-3.8.4-py3.10.egg-info/PKG-INFO
[1.962s] -- Symlinking: /home/maze/ros2_ws/install/dynamixel_sdk/local/lib/python3.10/dist-packages/dynamixel_sdk-3.8.4-py3.10.egg-info/SOURCES.txt
[1.969s] -- Symlinking: /home/maze/ros2_ws/install/dynamixel_sdk/local/lib/python3.10/dist-packages/dynamixel_sdk-3.8.4-py3.10.egg-info/dependency_links.txt
[1.978s] -- Symlinking: /home/maze/ros2_ws/install/dynamixel_sdk/local/lib/python3.10/dist-packages/dynamixel_sdk-3.8.4-py3.10.egg-info/top_level.txt
[1.989s] -- Symlinking: /home/maze/ros2_ws/install/dynamixel_sdk/local/lib/python3.10/dist-packages/dynamixel_sdk/__init__.py
[1.998s] -- Symlinking: /home/maze/ros2_ws/install/dynamixel_sdk/local/lib/python3.10/dist-packages/dynamixel_sdk/group_bulk_read.cpp
[2.007s] -- Symlinking: /home/maze/ros2_ws/install/dynamixel_sdk/local/lib/python3.10/dist-packages/dynamixel_sdk/group_bulk_read.py
[2.015s] -- Symlinking: /home/maze/ros2_ws/install/dynamixel_sdk/local/lib/python3.10/dist-packages/dynamixel_sdk/group_bulk_write.cpp
[2.025s] -- Symlinking: /home/maze/ros2_ws/install/dynamixel_sdk/local/lib/python3.10/dist-packages/dynamixel_sdk/group_bulk_write.py
[2.033s] -- Symlinking: /home/maze/ros2_ws/install/dynamixel_sdk/local/lib/python3.10/dist-packages/dynamixel_sdk/group_fast_bulk_read.cpp
[2.042s] -- Symlinking: /home/maze/ros2_ws/install/dynamixel_sdk/local/lib/python3.10/dist-packages/dynamixel_sdk/group_fast_sync_read.cpp
[2.054s] -- Symlinking: /home/maze/ros2_ws/install/dynamixel_sdk/local/lib/python3.10/dist-packages/dynamixel_sdk/group_handler.cpp
[2.066s] -- Symlinking: /home/maze/ros2_ws/install/dynamixel_sdk/local/lib/python3.10/dist-packages/dynamixel_sdk/group_sync_read.cpp
[2.075s] -- Symlinking: /home/maze/ros2_ws/install/dynamixel_sdk/local/lib/python3.10/dist-packages/dynamixel_sdk/group_sync_read.py
[2.085s] -- Symlinking: /home/maze/ros2_ws/install/dynamixel_sdk/local/lib/python3.10/dist-packages/dynamixel_sdk/group_sync_write.cpp
[2.094s] -- Symlinking: /home/maze/ros2_ws/install/dynamixel_sdk/local/lib/python3.10/dist-packages/dynamixel_sdk/group_sync_write.py
[2.103s] -- Symlinking: /home/maze/ros2_ws/install/dynamixel_sdk/local/lib/python3.10/dist-packages/dynamixel_sdk/packet_handler.cpp
[2.112s] -- Symlinking: /home/maze/ros2_ws/install/dynamixel_sdk/local/lib/python3.10/dist-packages/dynamixel_sdk/packet_handler.py
[2.121s] -- Symlinking: /home/maze/ros2_ws/install/dynamixel_sdk/local/lib/python3.10/dist-packages/dynamixel_sdk/port_handler.cpp
[2.131s] -- Symlinking: /home/maze/ros2_ws/install/dynamixel_sdk/local/lib/python3.10/dist-packages/dynamixel_sdk/port_handler.py
[2.140s] -- Symlinking: /home/maze/ros2_ws/install/dynamixel_sdk/local/lib/python3.10/dist-packages/dynamixel_sdk/port_handler_arduino.cpp
[2.152s] -- Symlinking: /home/maze/ros2_ws/install/dynamixel_sdk/local/lib/python3.10/dist-packages/dynamixel_sdk/port_handler_linux.cpp
[2.161s] -- Symlinking: /home/maze/ros2_ws/install/dynamixel_sdk/local/lib/python3.10/dist-packages/dynamixel_sdk/port_handler_mac.cpp
[2.169s] -- Symlinking: /home/maze/ros2_ws/install/dynamixel_sdk/local/lib/python3.10/dist-packages/dynamixel_sdk/port_handler_windows.cpp
[2.181s] -- Symlinking: /home/maze/ros2_ws/install/dynamixel_sdk/local/lib/python3.10/dist-packages/dynamixel_sdk/protocol1_packet_handler.cpp
[2.191s] -- Symlinking: /home/maze/ros2_ws/install/dynamixel_sdk/local/lib/python3.10/dist-packages/dynamixel_sdk/protocol1_packet_handler.py
[2.203s] -- Symlinking: /home/maze/ros2_ws/install/dynamixel_sdk/local/lib/python3.10/dist-packages/dynamixel_sdk/protocol2_packet_handler.cpp
[2.212s] -- Symlinking: /home/maze/ros2_ws/install/dynamixel_sdk/local/lib/python3.10/dist-packages/dynamixel_sdk/protocol2_packet_handler.py
[2.223s] -- Symlinking: /home/maze/ros2_ws/install/dynamixel_sdk/local/lib/python3.10/dist-packages/dynamixel_sdk/robotis_def.py
[2.232s] -- Symlinking: /home/maze/ros2_ws/install/dynamixel_sdk/share/dynamixel_sdk/environment/library_path.sh
[2.243s] -- Symlinking: /home/maze/ros2_ws/install/dynamixel_sdk/share/dynamixel_sdk/environment/library_path.dsv
[2.254s] -- Symlinking: /home/maze/ros2_ws/install/dynamixel_sdk/share/ament_index/resource_index/package_run_dependencies/dynamixel_sdk
[2.265s] -- Symlinking: /home/maze/ros2_ws/install/dynamixel_sdk/share/ament_index/resource_index/parent_prefix_path/dynamixel_sdk
[2.276s] -- Symlinking: /home/maze/ros2_ws/install/dynamixel_sdk/share/dynamixel_sdk/environment/ament_prefix_path.sh
[2.286s] -- Symlinking: /home/maze/ros2_ws/install/dynamixel_sdk/share/dynamixel_sdk/environment/ament_prefix_path.dsv
[2.296s] -- Symlinking: /home/maze/ros2_ws/install/dynamixel_sdk/share/dynamixel_sdk/environment/path.sh
[2.306s] -- Symlinking: /home/maze/ros2_ws/install/dynamixel_sdk/share/dynamixel_sdk/environment/path.dsv
[2.318s] -- Symlinking: /home/maze/ros2_ws/install/dynamixel_sdk/share/dynamixel_sdk/local_setup.bash
[2.327s] -- Symlinking: /home/maze/ros2_ws/install/dynamixel_sdk/share/dynamixel_sdk/local_setup.sh
[2.341s] -- Symlinking: /home/maze/ros2_ws/install/dynamixel_sdk/share/dynamixel_sdk/local_setup.zsh
[2.351s] -- Symlinking: /home/maze/ros2_ws/install/dynamixel_sdk/share/dynamixel_sdk/local_setup.dsv
[2.360s] -- Symlinking: /home/maze/ros2_ws/install/dynamixel_sdk/share/dynamixel_sdk/package.dsv
[2.369s] -- Symlinking: /home/maze/ros2_ws/install/dynamixel_sdk/share/ament_index/resource_index/packages/dynamixel_sdk
[2.378s] -- Symlinking: /home/maze/ros2_ws/install/dynamixel_sdk/share/dynamixel_sdk/cmake/ament_cmake_export_targets-extras.cmake
[2.389s] -- Symlinking: /home/maze/ros2_ws/install/dynamixel_sdk/share/dynamixel_sdk/cmake/ament_cmake_export_include_directories-extras.cmake
[2.400s] -- Symlinking: /home/maze/ros2_ws/install/dynamixel_sdk/share/dynamixel_sdk/cmake/ament_cmake_export_libraries-extras.cmake
[2.413s] -- Symlinking: /home/maze/ros2_ws/install/dynamixel_sdk/share/dynamixel_sdk/cmake/dynamixel_sdkConfig.cmake
[2.426s] -- Symlinking: /home/maze/ros2_ws/install/dynamixel_sdk/share/dynamixel_sdk/cmake/dynamixel_sdkConfig-version.cmake
[2.438s] -- Symlinking: /home/maze/ros2_ws/install/dynamixel_sdk/share/dynamixel_sdk/package.xml
[2.451s] -- Installing: /home/maze/ros2_ws/install/dynamixel_sdk/lib/libdynamixel_sdk.so
[2.505s] Listing '/home/maze/ros2_ws/install/dynamixel_sdk/local/lib/python3.10/dist-packages/dynamixel_sdk'...
[2.506s] Compiling '/home/maze/ros2_ws/install/dynamixel_sdk/local/lib/python3.10/dist-packages/dynamixel_sdk/__init__.py'...
[2.506s] Compiling '/home/maze/ros2_ws/install/dynamixel_sdk/local/lib/python3.10/dist-packages/dynamixel_sdk/group_bulk_read.py'...
[2.506s] Compiling '/home/maze/ros2_ws/install/dynamixel_sdk/local/lib/python3.10/dist-packages/dynamixel_sdk/group_bulk_write.py'...
[2.506s] Compiling '/home/maze/ros2_ws/install/dynamixel_sdk/local/lib/python3.10/dist-packages/dynamixel_sdk/group_sync_read.py'...
[2.506s] Compiling '/home/maze/ros2_ws/install/dynamixel_sdk/local/lib/python3.10/dist-packages/dynamixel_sdk/group_sync_write.py'...
[2.506s] Compiling '/home/maze/ros2_ws/install/dynamixel_sdk/local/lib/python3.10/dist-packages/dynamixel_sdk/packet_handler.py'...
[2.506s] Compiling '/home/maze/ros2_ws/install/dynamixel_sdk/local/lib/python3.10/dist-packages/dynamixel_sdk/port_handler.py'...
[2.506s] Compiling '/home/maze/ros2_ws/install/dynamixel_sdk/local/lib/python3.10/dist-packages/dynamixel_sdk/protocol1_packet_handler.py'...
[2.507s] Compiling '/home/maze/ros2_ws/install/dynamixel_sdk/local/lib/python3.10/dist-packages/dynamixel_sdk/protocol2_packet_handler.py'...
[2.507s] Compiling '/home/maze/ros2_ws/install/dynamixel_sdk/local/lib/python3.10/dist-packages/dynamixel_sdk/robotis_def.py'...
[2.512s] -- Installing: /home/maze/ros2_ws/install/dynamixel_sdk/share/dynamixel_sdk/cmake/dynamixel_sdkExport.cmake
[2.512s] -- Installing: /home/maze/ros2_ws/install/dynamixel_sdk/share/dynamixel_sdk/cmake/dynamixel_sdkExport-noconfig.cmake
[2.516s] Invoked command in '/home/maze/ros2_ws/build/dynamixel_sdk' returned '0': CMAKE_PREFIX_PATH=/opt/ros/humble /usr/bin/cmake --install /home/maze/ros2_ws/build/dynamixel_sdk
