[0.035s] Invoking command in '/home/maze/ros2_ws/build/turtlebot3_gazebo': CMAKE_PREFIX_PATH=${CMAKE_PREFIX_PATH}:/home/maze/ros2_ws/install/turtlebot3_teleop:/home/maze/ros2_ws/install/turtlebot3_example:/opt/ros/humble /usr/bin/cmake /home/maze/ros2_ws/src/turtlebot3_simulations/turtlebot3_gazebo -DAMENT_CMAKE_SYMLINK_INSTALL=1 -DCMAKE_INSTALL_PREFIX=/home/maze/ros2_ws/install/turtlebot3_gazebo
[0.130s] -- The C compiler identification is GNU 11.4.0
[0.207s] -- The CXX compiler identification is GNU 11.4.0
[0.216s] -- Detecting C compiler ABI info
[0.304s] -- Detecting C compiler ABI info - done
[0.312s] -- Check for working C compiler: /usr/bin/cc - skipped
[0.313s] -- Detecting C compile features
[0.313s] -- Detecting C compile features - done
[0.316s] -- Detecting CXX compiler ABI info
[0.415s] -- Detecting CXX compiler ABI info - done
[0.429s] -- Check for working CXX compiler: /usr/bin/c++ - skipped
[0.429s] -- Detecting CXX compile features
[0.430s] -- Detecting CXX compile features - done
[0.432s] -- Found ament_cmake: 1.3.12 (/opt/ros/humble/share/ament_cmake/cmake)
[0.633s] -- Found Python3: /usr/bin/python3 (found version "3.10.12") found components: Interpreter 
[0.718s] -- Override CMake install command with custom implementation using symlinks instead of copying resources
[0.768s] [33mCMake Warning (dev) at /usr/share/cmake-3.22/Modules/FindPackageHandleStandardArgs.cmake:438 (message):
[0.768s]   The package name passed to `find_package_handle_standard_args` (PkgConfig)
[0.768s]   does not match the name of the calling package (gazebo).  This can lead to
[0.768s]   problems in calling code that expects `find_package` result variables
[0.768s]   (e.g., `_FOUND`) to follow a certain pattern.
[0.768s] Call Stack (most recent call first):
[0.768s]   /usr/share/cmake-3.22/Modules/FindPkgConfig.cmake:99 (find_package_handle_standard_args)
[0.768s]   /usr/lib/x86_64-linux-gnu/cmake/gazebo/gazebo-config.cmake:72 (include)
[0.769s]   CMakeLists.txt:23 (find_package)
[0.769s] This warning is for project developers.  Use -Wno-dev to suppress it.
[0.769s] [0m
[0.769s] -- Found PkgConfig: /usr/bin/pkg-config (found version "0.29.2") 
[0.773s] -- Checking for module 'bullet>=2.82'
[0.788s] --   Found bullet, version 3.05
[0.896s] -- Found fcl: /usr/include (found suitable version "0.7.0", minimum required is "0.5.0") 
[0.958s] -- Found assimp: /usr/include (found version "5.2.0") 
[0.986s] -- Found DART: /usr/include (Required is at least version "6.6") found components: dart 
[1.187s] -- Found Boost: /usr/lib/x86_64-linux-gnu/cmake/Boost-1.74.0/BoostConfig.cmake (found suitable version "1.74.0", minimum required is "1.40.0") found components: thread system filesystem program_options regex iostreams date_time 
[1.215s] -- Found Protobuf: /usr/lib/x86_64-linux-gnu/libprotobuf.so (found version "3.12.4") 
[1.222s] -- Looking for ignition-math6 -- found version 6.15.1
[1.230s] -- Searching for dependencies of ignition-math6
[1.231s] -- Looking for OGRE...
[1.232s] -- OGRE_PREFIX_WATCH changed.
[1.238s] -- Checking for module 'OGRE'
[1.253s] --   Found OGRE, version 1.9.0
[1.292s] -- Found Ogre Ghadamon (1.9.0)
[1.305s] -- Found OGRE: optimized;/usr/lib/x86_64-linux-gnu/libOgreMain.so;debug;/usr/lib/x86_64-linux-gnu/libOgreMain.so
[1.317s] -- Looking for OGRE_Paging...
[1.326s] -- Found OGRE_Paging: optimized;/usr/lib/x86_64-linux-gnu/libOgrePaging.so;debug;/usr/lib/x86_64-linux-gnu/libOgrePaging.so
[1.326s] -- Looking for OGRE_Terrain...
[1.331s] -- Found OGRE_Terrain: optimized;/usr/lib/x86_64-linux-gnu/libOgreTerrain.so;debug;/usr/lib/x86_64-linux-gnu/libOgreTerrain.so
[1.331s] -- Looking for OGRE_Property...
[1.340s] -- Found OGRE_Property: optimized;/usr/lib/x86_64-linux-gnu/libOgreProperty.so;debug;/usr/lib/x86_64-linux-gnu/libOgreProperty.so
[1.341s] -- Looking for OGRE_RTShaderSystem...
[1.348s] -- Found OGRE_RTShaderSystem: optimized;/usr/lib/x86_64-linux-gnu/libOgreRTShaderSystem.so;debug;/usr/lib/x86_64-linux-gnu/libOgreRTShaderSystem.so
[1.348s] -- Looking for OGRE_Volume...
[1.355s] -- Found OGRE_Volume: optimized;/usr/lib/x86_64-linux-gnu/libOgreVolume.so;debug;/usr/lib/x86_64-linux-gnu/libOgreVolume.so
[1.355s] -- Looking for OGRE_Overlay...
[1.361s] -- Found OGRE_Overlay: optimized;/usr/lib/x86_64-linux-gnu/libOgreOverlay.so;debug;/usr/lib/x86_64-linux-gnu/libOgreOverlay.so
[1.472s] -- Looking for ignition-math6 -- found version 6.15.1
[1.475s] -- Looking for ignition-transport8 -- found version 8.2.1
[1.475s] -- Searching for dependencies of ignition-transport8
[1.491s] -- Found Protobuf: /usr/lib/x86_64-linux-gnu/libprotobuf.so (found suitable version "3.12.4", minimum required is "3") 
[1.501s] -- Config-file not installed for ZeroMQ -- checking for pkg-config
[1.507s] -- Checking for module 'libzmq >= 4'
[1.522s] --   Found libzmq , version 4.3.4
[1.564s] -- Found ZeroMQ: TRUE (Required is at least version "4") 
[1.570s] -- Checking for module 'uuid'
[1.587s] --   Found uuid, version 2.37.2
[1.623s] -- Found UUID: TRUE  
[1.625s] -- Looking for ignition-msgs5 -- found version 5.8.1
[1.625s] -- Searching for dependencies of ignition-msgs5
[1.645s] -- Looking for ignition-math6 -- found version 6.15.1
[1.650s] -- Checking for module 'tinyxml2'
[1.664s] --   Found tinyxml2, version 9.0.0
[1.701s] -- Looking for ignition-msgs5 -- found version 5.8.1
[1.703s] -- Looking for ignition-common3 -- found version 3.14.0
[1.704s] -- Searching for dependencies of ignition-common3
[1.705s] -- Looking for dlfcn.h - found
[1.706s] -- Looking for libdl - found
[1.707s] -- Found DL: TRUE  
[1.722s] -- Found tinyobjloader: /usr/lib/x86_64-linux-gnu/cmake/tinyobjloader/tinyobjloader-config.cmake (found version "2.0.0") 
[1.723s] -- Searching for <ignition-common3> component [graphics]
[1.725s] -- Looking for ignition-common3-graphics -- found version 3.14.0
[1.726s] -- Searching for dependencies of ignition-common3-graphics
[1.726s] -- Looking for ignition-math6 -- found version 6.15.1
[1.730s] -- Looking for ignition-fuel_tools4 -- found version 4.4.0
[1.730s] -- Searching for dependencies of ignition-fuel_tools4
[1.825s] -- Found CURL: /usr/lib/x86_64-linux-gnu/libcurl.so (found version "7.81.0")  
[1.835s] -- Checking for module 'jsoncpp'
[1.851s] --   Found jsoncpp, version 1.9.5
[1.888s] -- Found JSONCPP: TRUE  
[1.896s] -- Checking for module 'libzip'
[1.910s] --   Found libzip, version 1.7.3
[1.945s] -- Found ZIP: TRUE  
[1.946s] -- Looking for ignition-common3 -- found version 3.14.0
[1.946s] -- Looking for ignition-math6 -- found version 6.15.1
[1.946s] -- Looking for ignition-msgs5 -- found version 5.8.1
[1.952s] -- Found gazebo_ros_pkgs: 3.9.0 (/opt/ros/humble/share/gazebo_ros_pkgs/cmake)
[1.955s] -- Found geometry_msgs: 4.9.0 (/opt/ros/humble/share/geometry_msgs/cmake)
[1.986s] -- Found rosidl_generator_c: 3.1.7 (/opt/ros/humble/share/rosidl_generator_c/cmake)
[1.990s] -- Found rosidl_adapter: 3.1.7 (/opt/ros/humble/share/rosidl_adapter/cmake)
[1.998s] -- Found rosidl_generator_cpp: 3.1.7 (/opt/ros/humble/share/rosidl_generator_cpp/cmake)
[2.008s] -- Using all available rosidl_typesupport_c: rosidl_typesupport_fastrtps_c;rosidl_typesupport_introspection_c
[2.024s] -- Using all available rosidl_typesupport_cpp: rosidl_typesupport_fastrtps_cpp;rosidl_typesupport_introspection_cpp
[2.053s] -- Found nav_msgs: 4.9.0 (/opt/ros/humble/share/nav_msgs/cmake)
[2.065s] -- Found rclcpp: 16.0.15 (/opt/ros/humble/share/rclcpp/cmake)
[2.093s] -- Found rmw_implementation_cmake: 6.1.2 (/opt/ros/humble/share/rmw_implementation_cmake/cmake)
[2.095s] -- Found rmw_fastrtps_cpp: 6.2.9 (/opt/ros/humble/share/rmw_fastrtps_cpp/cmake)
[2.174s] -- Found OpenSSL: /usr/lib/x86_64-linux-gnu/libcrypto.so (found version "3.0.2")  
[2.194s] -- Found FastRTPS: /opt/ros/humble/include  
[2.231s] -- Using RMW implementation 'rmw_fastrtps_cpp' as default
[2.239s] -- Found Threads: TRUE  
[2.266s] -- Found sensor_msgs: 4.9.0 (/opt/ros/humble/share/sensor_msgs/cmake)
[2.278s] -- Found tf2: 0.25.16 (/opt/ros/humble/share/tf2/cmake)
[2.348s] -- Configuring done
[2.381s] -- Generating done
[2.387s] -- Build files have been written to: /home/maze/ros2_ws/build/turtlebot3_gazebo
[2.398s] Invoked command in '/home/maze/ros2_ws/build/turtlebot3_gazebo' returned '0': CMAKE_PREFIX_PATH=${CMAKE_PREFIX_PATH}:/home/maze/ros2_ws/install/turtlebot3_teleop:/home/maze/ros2_ws/install/turtlebot3_example:/opt/ros/humble /usr/bin/cmake /home/maze/ros2_ws/src/turtlebot3_simulations/turtlebot3_gazebo -DAMENT_CMAKE_SYMLINK_INSTALL=1 -DCMAKE_INSTALL_PREFIX=/home/maze/ros2_ws/install/turtlebot3_gazebo
[2.400s] Invoking command in '/home/maze/ros2_ws/build/turtlebot3_gazebo': CMAKE_PREFIX_PATH=${CMAKE_PREFIX_PATH}:/home/maze/ros2_ws/install/turtlebot3_teleop:/home/maze/ros2_ws/install/turtlebot3_example:/opt/ros/humble /usr/bin/cmake --build /home/maze/ros2_ws/build/turtlebot3_gazebo -- -j20 -l20
[2.453s] [ 33%] [32mBuilding CXX object CMakeFiles/obstacles.dir/src/obstacles.cpp.o[0m
[2.453s] [ 33%] [32mBuilding CXX object CMakeFiles/obstacle1.dir/src/obstacle1.cpp.o[0m
[2.453s] [ 33%] [32mBuilding CXX object CMakeFiles/traffic_light_plugin.dir/src/traffic_light_plugin.cpp.o[0m
[2.453s] [ 33%] [32mBuilding CXX object CMakeFiles/obstacle2.dir/src/obstacle2.cpp.o[0m
[2.455s] [ 41%] [32mBuilding CXX object CMakeFiles/turtlebot3_drive.dir/src/turtlebot3_drive.cpp.o[0m
[2.455s] [ 50%] [32mBuilding CXX object CMakeFiles/traffic_bar_plugin.dir/src/traffic_bar_plugin.cpp.o[0m
[15.686s] [ 58%] [32m[1mLinking CXX shared library libobstacles.so[0m
[15.687s] [ 66%] [32m[1mLinking CXX shared library libobstacle2.so[0m
[15.774s] [ 75%] [32m[1mLinking CXX executable turtlebot3_drive[0m
[15.794s] [ 83%] [32m[1mLinking CXX shared library libobstacle1.so[0m
[15.996s] [ 83%] Built target obstacles
[16.016s] [ 83%] Built target obstacle2
[16.079s] [ 91%] [32m[1mLinking CXX shared library libtraffic_light_plugin.so[0m
[16.087s] [ 91%] Built target obstacle1
[16.329s] [ 91%] Built target traffic_light_plugin
[16.357s] [ 91%] Built target turtlebot3_drive
[16.738s] [100%] [32m[1mLinking CXX shared library libtraffic_bar_plugin.so[0m
[16.884s] [100%] Built target traffic_bar_plugin
[16.895s] Invoked command in '/home/maze/ros2_ws/build/turtlebot3_gazebo' returned '0': CMAKE_PREFIX_PATH=${CMAKE_PREFIX_PATH}:/home/maze/ros2_ws/install/turtlebot3_teleop:/home/maze/ros2_ws/install/turtlebot3_example:/opt/ros/humble /usr/bin/cmake --build /home/maze/ros2_ws/build/turtlebot3_gazebo -- -j20 -l20
[16.896s] Invoking command in '/home/maze/ros2_ws/build/turtlebot3_gazebo': CMAKE_PREFIX_PATH=${CMAKE_PREFIX_PATH}:/home/maze/ros2_ws/install/turtlebot3_teleop:/home/maze/ros2_ws/install/turtlebot3_example:/opt/ros/humble /usr/bin/cmake --install /home/maze/ros2_ws/build/turtlebot3_gazebo
[16.900s] -- Install configuration: ""
[16.900s] -- Execute custom install script
[16.900s] -- Symlinking: /home/maze/ros2_ws/install/turtlebot3_gazebo/lib/turtlebot3_gazebo/turtlebot3_drive
[16.909s] -- Symlinking: /home/maze/ros2_ws/install/turtlebot3_gazebo/share/turtlebot3_gazebo//launch/empty_world.launch.py
[16.915s] -- Symlinking: /home/maze/ros2_ws/install/turtlebot3_gazebo/share/turtlebot3_gazebo//launch/multi_robot.launch.py
[16.923s] -- Symlinking: /home/maze/ros2_ws/install/turtlebot3_gazebo/share/turtlebot3_gazebo//launch/multi_spawn_turtlebot3.launch.py
[16.929s] -- Symlinking: /home/maze/ros2_ws/install/turtlebot3_gazebo/share/turtlebot3_gazebo//launch/robot_state_publisher.launch.py
[16.936s] -- Symlinking: /home/maze/ros2_ws/install/turtlebot3_gazebo/share/turtlebot3_gazebo//launch/spawn_turtlebot3.launch.py
[16.944s] -- Symlinking: /home/maze/ros2_ws/install/turtlebot3_gazebo/share/turtlebot3_gazebo//launch/turtlebot3_autorace_2020.launch.py
[16.950s] -- Symlinking: /home/maze/ros2_ws/install/turtlebot3_gazebo/share/turtlebot3_gazebo//launch/turtlebot3_dqn_stage1.launch.py
[16.957s] -- Symlinking: /home/maze/ros2_ws/install/turtlebot3_gazebo/share/turtlebot3_gazebo//launch/turtlebot3_dqn_stage2.launch.py
[16.964s] -- Symlinking: /home/maze/ros2_ws/install/turtlebot3_gazebo/share/turtlebot3_gazebo//launch/turtlebot3_dqn_stage3.launch.py
[16.970s] -- Symlinking: /home/maze/ros2_ws/install/turtlebot3_gazebo/share/turtlebot3_gazebo//launch/turtlebot3_dqn_stage4.launch.py
[16.976s] -- Symlinking: /home/maze/ros2_ws/install/turtlebot3_gazebo/share/turtlebot3_gazebo//launch/turtlebot3_house.launch.py
[16.983s] -- Symlinking: /home/maze/ros2_ws/install/turtlebot3_gazebo/share/turtlebot3_gazebo//launch/turtlebot3_world.launch.py
[16.992s] -- Symlinking: /home/maze/ros2_ws/install/turtlebot3_gazebo/share/turtlebot3_gazebo//models/turtlebot3_autorace_2020/checker/materials/checker.png
[16.998s] -- Symlinking: /home/maze/ros2_ws/install/turtlebot3_gazebo/share/turtlebot3_gazebo//models/turtlebot3_autorace_2020/checker/materials/scripts/checker.material
[17.006s] -- Symlinking: /home/maze/ros2_ws/install/turtlebot3_gazebo/share/turtlebot3_gazebo//models/turtlebot3_autorace_2020/checker/materials/textures/checker.png
[17.013s] -- Symlinking: /home/maze/ros2_ws/install/turtlebot3_gazebo/share/turtlebot3_gazebo//models/turtlebot3_autorace_2020/checker/model.config
[17.020s] -- Symlinking: /home/maze/ros2_ws/install/turtlebot3_gazebo/share/turtlebot3_gazebo//models/turtlebot3_autorace_2020/checker/model.sdf
[17.027s] -- Symlinking: /home/maze/ros2_ws/install/turtlebot3_gazebo/share/turtlebot3_gazebo//models/turtlebot3_autorace_2020/course/materials/scripts/course.material
[17.034s] -- Symlinking: /home/maze/ros2_ws/install/turtlebot3_gazebo/share/turtlebot3_gazebo//models/turtlebot3_autorace_2020/course/materials/textures/course.png
[17.040s] -- Symlinking: /home/maze/ros2_ws/install/turtlebot3_gazebo/share/turtlebot3_gazebo//models/turtlebot3_autorace_2020/course/model.config
[17.046s] -- Symlinking: /home/maze/ros2_ws/install/turtlebot3_gazebo/share/turtlebot3_gazebo//models/turtlebot3_autorace_2020/course/model.sdf
[17.057s] -- Symlinking: /home/maze/ros2_ws/install/turtlebot3_gazebo/share/turtlebot3_gazebo//models/turtlebot3_autorace_2020/traffic_bar/materials/scripts/traffic_bar.material
[17.067s] -- Symlinking: /home/maze/ros2_ws/install/turtlebot3_gazebo/share/turtlebot3_gazebo//models/turtlebot3_autorace_2020/traffic_bar/materials/textures/traffic_bar.png
[17.077s] -- Symlinking: /home/maze/ros2_ws/install/turtlebot3_gazebo/share/turtlebot3_gazebo//models/turtlebot3_autorace_2020/traffic_bar/model.config
[17.086s] -- Symlinking: /home/maze/ros2_ws/install/turtlebot3_gazebo/share/turtlebot3_gazebo//models/turtlebot3_autorace_2020/traffic_bar/model.sdf
[17.094s] -- Symlinking: /home/maze/ros2_ws/install/turtlebot3_gazebo/share/turtlebot3_gazebo//models/turtlebot3_autorace_2020/traffic_construction/materials/scripts/traffic_construction.material
[17.100s] -- Symlinking: /home/maze/ros2_ws/install/turtlebot3_gazebo/share/turtlebot3_gazebo//models/turtlebot3_autorace_2020/traffic_construction/materials/textures/traffic_construction.png
[17.109s] -- Symlinking: /home/maze/ros2_ws/install/turtlebot3_gazebo/share/turtlebot3_gazebo//models/turtlebot3_autorace_2020/traffic_construction/model.config
[17.120s] -- Symlinking: /home/maze/ros2_ws/install/turtlebot3_gazebo/share/turtlebot3_gazebo//models/turtlebot3_autorace_2020/traffic_construction/model.sdf
[17.131s] -- Symlinking: /home/maze/ros2_ws/install/turtlebot3_gazebo/share/turtlebot3_gazebo//models/turtlebot3_autorace_2020/traffic_intersection/materials/scripts/traffic_intersection.material
[17.141s] -- Symlinking: /home/maze/ros2_ws/install/turtlebot3_gazebo/share/turtlebot3_gazebo//models/turtlebot3_autorace_2020/traffic_intersection/materials/textures/traffic_intersection.png
[17.151s] -- Symlinking: /home/maze/ros2_ws/install/turtlebot3_gazebo/share/turtlebot3_gazebo//models/turtlebot3_autorace_2020/traffic_intersection/model.config
[17.161s] -- Symlinking: /home/maze/ros2_ws/install/turtlebot3_gazebo/share/turtlebot3_gazebo//models/turtlebot3_autorace_2020/traffic_intersection/model.sdf
[17.170s] -- Symlinking: /home/maze/ros2_ws/install/turtlebot3_gazebo/share/turtlebot3_gazebo//models/turtlebot3_autorace_2020/traffic_left/materials/scripts/traffic_is_left.material
[17.180s] -- Symlinking: /home/maze/ros2_ws/install/turtlebot3_gazebo/share/turtlebot3_gazebo//models/turtlebot3_autorace_2020/traffic_left/materials/textures/traffic_left.png
[17.188s] -- Symlinking: /home/maze/ros2_ws/install/turtlebot3_gazebo/share/turtlebot3_gazebo//models/turtlebot3_autorace_2020/traffic_left/model.config
[17.196s] -- Symlinking: /home/maze/ros2_ws/install/turtlebot3_gazebo/share/turtlebot3_gazebo//models/turtlebot3_autorace_2020/traffic_left/model.sdf
[17.203s] -- Symlinking: /home/maze/ros2_ws/install/turtlebot3_gazebo/share/turtlebot3_gazebo//models/turtlebot3_autorace_2020/traffic_light/materials/scripts/traffic_light.material
[17.210s] -- Symlinking: /home/maze/ros2_ws/install/turtlebot3_gazebo/share/turtlebot3_gazebo//models/turtlebot3_autorace_2020/traffic_light/materials/textures/traffic_light.png
[17.217s] -- Symlinking: /home/maze/ros2_ws/install/turtlebot3_gazebo/share/turtlebot3_gazebo//models/turtlebot3_autorace_2020/traffic_light/materials/textures/traffic_light_green.png
[17.223s] -- Symlinking: /home/maze/ros2_ws/install/turtlebot3_gazebo/share/turtlebot3_gazebo//models/turtlebot3_autorace_2020/traffic_light/materials/textures/traffic_light_red.png
[17.229s] -- Symlinking: /home/maze/ros2_ws/install/turtlebot3_gazebo/share/turtlebot3_gazebo//models/turtlebot3_autorace_2020/traffic_light/materials/textures/traffic_light_yellow.png
[17.236s] -- Symlinking: /home/maze/ros2_ws/install/turtlebot3_gazebo/share/turtlebot3_gazebo//models/turtlebot3_autorace_2020/traffic_light/model.config
[17.243s] -- Symlinking: /home/maze/ros2_ws/install/turtlebot3_gazebo/share/turtlebot3_gazebo//models/turtlebot3_autorace_2020/traffic_light/model.sdf
[17.249s] -- Symlinking: /home/maze/ros2_ws/install/turtlebot3_gazebo/share/turtlebot3_gazebo//models/turtlebot3_autorace_2020/traffic_noentry/materials/scripts/traffic_noentry.material
[17.255s] -- Symlinking: /home/maze/ros2_ws/install/turtlebot3_gazebo/share/turtlebot3_gazebo//models/turtlebot3_autorace_2020/traffic_noentry/materials/textures/traffic_noentry.png
[17.262s] -- Symlinking: /home/maze/ros2_ws/install/turtlebot3_gazebo/share/turtlebot3_gazebo//models/turtlebot3_autorace_2020/traffic_noentry/model.config
[17.267s] -- Symlinking: /home/maze/ros2_ws/install/turtlebot3_gazebo/share/turtlebot3_gazebo//models/turtlebot3_autorace_2020/traffic_noentry/model.sdf
[17.273s] -- Symlinking: /home/maze/ros2_ws/install/turtlebot3_gazebo/share/turtlebot3_gazebo//models/turtlebot3_autorace_2020/traffic_parking/materials/scripts/traffic_parking.material
[17.278s] -- Symlinking: /home/maze/ros2_ws/install/turtlebot3_gazebo/share/turtlebot3_gazebo//models/turtlebot3_autorace_2020/traffic_parking/materials/textures/traffic_parking.png
[17.284s] -- Symlinking: /home/maze/ros2_ws/install/turtlebot3_gazebo/share/turtlebot3_gazebo//models/turtlebot3_autorace_2020/traffic_parking/model.config
[17.290s] -- Symlinking: /home/maze/ros2_ws/install/turtlebot3_gazebo/share/turtlebot3_gazebo//models/turtlebot3_autorace_2020/traffic_parking/model.sdf
[17.297s] -- Symlinking: /home/maze/ros2_ws/install/turtlebot3_gazebo/share/turtlebot3_gazebo//models/turtlebot3_autorace_2020/traffic_pl_left/materials/scripts/traffic_pl_left.material
[17.306s] -- Symlinking: /home/maze/ros2_ws/install/turtlebot3_gazebo/share/turtlebot3_gazebo//models/turtlebot3_autorace_2020/traffic_pl_left/materials/textures/traffic_pl_left.png
[17.315s] -- Symlinking: /home/maze/ros2_ws/install/turtlebot3_gazebo/share/turtlebot3_gazebo//models/turtlebot3_autorace_2020/traffic_pl_left/model.config
[17.321s] -- Symlinking: /home/maze/ros2_ws/install/turtlebot3_gazebo/share/turtlebot3_gazebo//models/turtlebot3_autorace_2020/traffic_pl_left/model.sdf
[17.329s] -- Symlinking: /home/maze/ros2_ws/install/turtlebot3_gazebo/share/turtlebot3_gazebo//models/turtlebot3_autorace_2020/traffic_right/materials/scripts/traffic_right.material
[17.340s] -- Symlinking: /home/maze/ros2_ws/install/turtlebot3_gazebo/share/turtlebot3_gazebo//models/turtlebot3_autorace_2020/traffic_right/materials/textures/traffic_right.png
[17.349s] -- Symlinking: /home/maze/ros2_ws/install/turtlebot3_gazebo/share/turtlebot3_gazebo//models/turtlebot3_autorace_2020/traffic_right/model.config
[17.355s] -- Symlinking: /home/maze/ros2_ws/install/turtlebot3_gazebo/share/turtlebot3_gazebo//models/turtlebot3_autorace_2020/traffic_right/model.sdf
[17.361s] -- Symlinking: /home/maze/ros2_ws/install/turtlebot3_gazebo/share/turtlebot3_gazebo//models/turtlebot3_autorace_2020/traffic_stop/materials/scripts/traffic_stop.material
[17.369s] -- Symlinking: /home/maze/ros2_ws/install/turtlebot3_gazebo/share/turtlebot3_gazebo//models/turtlebot3_autorace_2020/traffic_stop/materials/textures/traffic_stop.png
[17.379s] -- Symlinking: /home/maze/ros2_ws/install/turtlebot3_gazebo/share/turtlebot3_gazebo//models/turtlebot3_autorace_2020/traffic_stop/model.config
[17.389s] -- Symlinking: /home/maze/ros2_ws/install/turtlebot3_gazebo/share/turtlebot3_gazebo//models/turtlebot3_autorace_2020/traffic_stop/model.sdf
[17.397s] -- Symlinking: /home/maze/ros2_ws/install/turtlebot3_gazebo/share/turtlebot3_gazebo//models/turtlebot3_autorace_2020/traffic_tunnel/materials/scripts/tunnel.material
[17.402s] -- Symlinking: /home/maze/ros2_ws/install/turtlebot3_gazebo/share/turtlebot3_gazebo//models/turtlebot3_autorace_2020/traffic_tunnel/materials/textures/tunnel.png
[17.411s] -- Symlinking: /home/maze/ros2_ws/install/turtlebot3_gazebo/share/turtlebot3_gazebo//models/turtlebot3_autorace_2020/traffic_tunnel/model.config
[17.418s] -- Symlinking: /home/maze/ros2_ws/install/turtlebot3_gazebo/share/turtlebot3_gazebo//models/turtlebot3_autorace_2020/traffic_tunnel/model.sdf
[17.424s] -- Symlinking: /home/maze/ros2_ws/install/turtlebot3_gazebo/share/turtlebot3_gazebo//models/turtlebot3_burger/model-1_4.sdf
[17.431s] -- Symlinking: /home/maze/ros2_ws/install/turtlebot3_gazebo/share/turtlebot3_gazebo//models/turtlebot3_burger/model.config
[17.437s] -- Symlinking: /home/maze/ros2_ws/install/turtlebot3_gazebo/share/turtlebot3_gazebo//models/turtlebot3_burger/model.sdf
[17.443s] -- Symlinking: /home/maze/ros2_ws/install/turtlebot3_gazebo/share/turtlebot3_gazebo//models/turtlebot3_burger_cam/model-1_4.sdf
[17.448s] -- Symlinking: /home/maze/ros2_ws/install/turtlebot3_gazebo/share/turtlebot3_gazebo//models/turtlebot3_burger_cam/model.config
[17.454s] -- Symlinking: /home/maze/ros2_ws/install/turtlebot3_gazebo/share/turtlebot3_gazebo//models/turtlebot3_burger_cam/model.sdf
[17.462s] -- Symlinking: /home/maze/ros2_ws/install/turtlebot3_gazebo/share/turtlebot3_gazebo//models/turtlebot3_common/meshes/bases/burger_base.stl
[17.470s] -- Symlinking: /home/maze/ros2_ws/install/turtlebot3_gazebo/share/turtlebot3_gazebo//models/turtlebot3_common/meshes/bases/waffle_base.stl
[17.478s] -- Symlinking: /home/maze/ros2_ws/install/turtlebot3_gazebo/share/turtlebot3_gazebo//models/turtlebot3_common/meshes/bases/waffle_pi_base.stl
[17.487s] -- Symlinking: /home/maze/ros2_ws/install/turtlebot3_gazebo/share/turtlebot3_gazebo//models/turtlebot3_common/meshes/burger_base.dae
[17.497s] -- Symlinking: /home/maze/ros2_ws/install/turtlebot3_gazebo/share/turtlebot3_gazebo//models/turtlebot3_common/meshes/lds.dae
[17.507s] -- Symlinking: /home/maze/ros2_ws/install/turtlebot3_gazebo/share/turtlebot3_gazebo//models/turtlebot3_common/meshes/r200.dae
[17.515s] -- Symlinking: /home/maze/ros2_ws/install/turtlebot3_gazebo/share/turtlebot3_gazebo//models/turtlebot3_common/meshes/sensors/astra.dae
[17.525s] -- Symlinking: /home/maze/ros2_ws/install/turtlebot3_gazebo/share/turtlebot3_gazebo//models/turtlebot3_common/meshes/sensors/astra.jpg
[17.531s] -- Symlinking: /home/maze/ros2_ws/install/turtlebot3_gazebo/share/turtlebot3_gazebo//models/turtlebot3_common/meshes/sensors/lds.stl
[17.541s] -- Symlinking: /home/maze/ros2_ws/install/turtlebot3_gazebo/share/turtlebot3_gazebo//models/turtlebot3_common/meshes/sensors/r200.dae
[17.552s] -- Symlinking: /home/maze/ros2_ws/install/turtlebot3_gazebo/share/turtlebot3_gazebo//models/turtlebot3_common/meshes/sensors/r200.jpg
[17.561s] -- Symlinking: /home/maze/ros2_ws/install/turtlebot3_gazebo/share/turtlebot3_gazebo//models/turtlebot3_common/meshes/tire.dae
[17.572s] -- Symlinking: /home/maze/ros2_ws/install/turtlebot3_gazebo/share/turtlebot3_gazebo//models/turtlebot3_common/meshes/waffle_base.dae
[17.580s] -- Symlinking: /home/maze/ros2_ws/install/turtlebot3_gazebo/share/turtlebot3_gazebo//models/turtlebot3_common/meshes/waffle_pi_base.dae
[17.590s] -- Symlinking: /home/maze/ros2_ws/install/turtlebot3_gazebo/share/turtlebot3_gazebo//models/turtlebot3_common/meshes/wheels/left_tire.stl
[17.600s] -- Symlinking: /home/maze/ros2_ws/install/turtlebot3_gazebo/share/turtlebot3_gazebo//models/turtlebot3_common/meshes/wheels/right_tire.stl
[17.610s] -- Symlinking: /home/maze/ros2_ws/install/turtlebot3_gazebo/share/turtlebot3_gazebo//models/turtlebot3_common/model.config
[17.619s] -- Symlinking: /home/maze/ros2_ws/install/turtlebot3_gazebo/share/turtlebot3_gazebo//models/turtlebot3_dqn_world/goal_box/model.config
[17.627s] -- Symlinking: /home/maze/ros2_ws/install/turtlebot3_gazebo/share/turtlebot3_gazebo//models/turtlebot3_dqn_world/goal_box/model.sdf
[17.634s] -- Symlinking: /home/maze/ros2_ws/install/turtlebot3_gazebo/share/turtlebot3_gazebo//models/turtlebot3_dqn_world/inner_walls/model.config
[17.642s] -- Symlinking: /home/maze/ros2_ws/install/turtlebot3_gazebo/share/turtlebot3_gazebo//models/turtlebot3_dqn_world/inner_walls/model.sdf
[17.650s] -- Symlinking: /home/maze/ros2_ws/install/turtlebot3_gazebo/share/turtlebot3_gazebo//models/turtlebot3_dqn_world/model.config
[17.657s] -- Symlinking: /home/maze/ros2_ws/install/turtlebot3_gazebo/share/turtlebot3_gazebo//models/turtlebot3_dqn_world/model.sdf
[17.665s] -- Symlinking: /home/maze/ros2_ws/install/turtlebot3_gazebo/share/turtlebot3_gazebo//models/turtlebot3_dqn_world/obstacle1/model.config
[17.672s] -- Symlinking: /home/maze/ros2_ws/install/turtlebot3_gazebo/share/turtlebot3_gazebo//models/turtlebot3_dqn_world/obstacle1/model.sdf
[17.680s] -- Symlinking: /home/maze/ros2_ws/install/turtlebot3_gazebo/share/turtlebot3_gazebo//models/turtlebot3_dqn_world/obstacle2/model.config
[17.686s] -- Symlinking: /home/maze/ros2_ws/install/turtlebot3_gazebo/share/turtlebot3_gazebo//models/turtlebot3_dqn_world/obstacle2/model.sdf
[17.694s] -- Symlinking: /home/maze/ros2_ws/install/turtlebot3_gazebo/share/turtlebot3_gazebo//models/turtlebot3_dqn_world/obstacles/model.config
[17.700s] -- Symlinking: /home/maze/ros2_ws/install/turtlebot3_gazebo/share/turtlebot3_gazebo//models/turtlebot3_dqn_world/obstacles/model.sdf
[17.707s] -- Symlinking: /home/maze/ros2_ws/install/turtlebot3_gazebo/share/turtlebot3_gazebo//models/turtlebot3_house/model.config
[17.714s] -- Symlinking: /home/maze/ros2_ws/install/turtlebot3_gazebo/share/turtlebot3_gazebo//models/turtlebot3_house/model.sdf
[17.719s] -- Symlinking: /home/maze/ros2_ws/install/turtlebot3_gazebo/share/turtlebot3_gazebo//models/turtlebot3_waffle/model-1_4.sdf
[17.724s] -- Symlinking: /home/maze/ros2_ws/install/turtlebot3_gazebo/share/turtlebot3_gazebo//models/turtlebot3_waffle/model.config
[17.730s] -- Symlinking: /home/maze/ros2_ws/install/turtlebot3_gazebo/share/turtlebot3_gazebo//models/turtlebot3_waffle/model.sdf
[17.735s] -- Symlinking: /home/maze/ros2_ws/install/turtlebot3_gazebo/share/turtlebot3_gazebo//models/turtlebot3_waffle_pi/model-1_4_.sdf
[17.743s] -- Symlinking: /home/maze/ros2_ws/install/turtlebot3_gazebo/share/turtlebot3_gazebo//models/turtlebot3_waffle_pi/model.config
[17.750s] -- Symlinking: /home/maze/ros2_ws/install/turtlebot3_gazebo/share/turtlebot3_gazebo//models/turtlebot3_waffle_pi/model.sdf
[17.761s] -- Symlinking: /home/maze/ros2_ws/install/turtlebot3_gazebo/share/turtlebot3_gazebo//models/turtlebot3_world/meshes/hexagon.dae
[17.769s] -- Symlinking: /home/maze/ros2_ws/install/turtlebot3_gazebo/share/turtlebot3_gazebo//models/turtlebot3_world/meshes/wall.dae
[17.776s] -- Symlinking: /home/maze/ros2_ws/install/turtlebot3_gazebo/share/turtlebot3_gazebo//models/turtlebot3_world/model-1_4.sdf
[17.782s] -- Symlinking: /home/maze/ros2_ws/install/turtlebot3_gazebo/share/turtlebot3_gazebo//models/turtlebot3_world/model.config
[17.788s] -- Symlinking: /home/maze/ros2_ws/install/turtlebot3_gazebo/share/turtlebot3_gazebo//models/turtlebot3_world/model.sdf
[17.798s] -- Symlinking: /home/maze/ros2_ws/install/turtlebot3_gazebo/share/turtlebot3_gazebo//rviz/tb3_gazebo.rviz
[17.804s] -- Symlinking: /home/maze/ros2_ws/install/turtlebot3_gazebo/share/turtlebot3_gazebo//urdf/common_properties.urdf
[17.812s] -- Symlinking: /home/maze/ros2_ws/install/turtlebot3_gazebo/share/turtlebot3_gazebo//urdf/turtlebot3_burger.urdf
[17.818s] -- Symlinking: /home/maze/ros2_ws/install/turtlebot3_gazebo/share/turtlebot3_gazebo//urdf/turtlebot3_burger_cam.urdf
[17.825s] -- Symlinking: /home/maze/ros2_ws/install/turtlebot3_gazebo/share/turtlebot3_gazebo//urdf/turtlebot3_waffle.urdf
[17.832s] -- Symlinking: /home/maze/ros2_ws/install/turtlebot3_gazebo/share/turtlebot3_gazebo//urdf/turtlebot3_waffle_pi.urdf
[17.840s] -- Symlinking: /home/maze/ros2_ws/install/turtlebot3_gazebo/share/turtlebot3_gazebo//worlds/empty_world.world
[17.845s] -- Symlinking: /home/maze/ros2_ws/install/turtlebot3_gazebo/share/turtlebot3_gazebo//worlds/turtlebot3_autorace_2020.world
[17.850s] -- Symlinking: /home/maze/ros2_ws/install/turtlebot3_gazebo/share/turtlebot3_gazebo//worlds/turtlebot3_dqn_stage1.world
[17.857s] -- Symlinking: /home/maze/ros2_ws/install/turtlebot3_gazebo/share/turtlebot3_gazebo//worlds/turtlebot3_dqn_stage2.world
[17.862s] -- Symlinking: /home/maze/ros2_ws/install/turtlebot3_gazebo/share/turtlebot3_gazebo//worlds/turtlebot3_dqn_stage3.world
[17.868s] -- Symlinking: /home/maze/ros2_ws/install/turtlebot3_gazebo/share/turtlebot3_gazebo//worlds/turtlebot3_dqn_stage4.world
[17.873s] -- Symlinking: /home/maze/ros2_ws/install/turtlebot3_gazebo/share/turtlebot3_gazebo//worlds/turtlebot3_house.world
[17.879s] -- Symlinking: /home/maze/ros2_ws/install/turtlebot3_gazebo/share/turtlebot3_gazebo//worlds/turtlebot3_world.world
[17.886s] -- Symlinking: /home/maze/ros2_ws/install/turtlebot3_gazebo/include//turtlebot3_gazebo/obstacle1.hpp
[17.891s] -- Symlinking: /home/maze/ros2_ws/install/turtlebot3_gazebo/include//turtlebot3_gazebo/obstacle2.hpp
[17.896s] -- Symlinking: /home/maze/ros2_ws/install/turtlebot3_gazebo/include//turtlebot3_gazebo/obstacles.hpp
[17.903s] -- Symlinking: /home/maze/ros2_ws/install/turtlebot3_gazebo/include//turtlebot3_gazebo/traffic_bar_plugin.hpp
[17.910s] -- Symlinking: /home/maze/ros2_ws/install/turtlebot3_gazebo/include//turtlebot3_gazebo/traffic_light_plugin.hpp
[17.918s] -- Symlinking: /home/maze/ros2_ws/install/turtlebot3_gazebo/include//turtlebot3_gazebo/turtlebot3_drive.hpp
[17.924s] -- Symlinking: /home/maze/ros2_ws/install/turtlebot3_gazebo/share/ament_index/resource_index/package_run_dependencies/turtlebot3_gazebo
[17.931s] -- Symlinking: /home/maze/ros2_ws/install/turtlebot3_gazebo/share/ament_index/resource_index/parent_prefix_path/turtlebot3_gazebo
[17.937s] -- Symlinking: /home/maze/ros2_ws/install/turtlebot3_gazebo/share/turtlebot3_gazebo/environment/ament_prefix_path.sh
[17.944s] -- Symlinking: /home/maze/ros2_ws/install/turtlebot3_gazebo/share/turtlebot3_gazebo/environment/ament_prefix_path.dsv
[17.951s] -- Symlinking: /home/maze/ros2_ws/install/turtlebot3_gazebo/share/turtlebot3_gazebo/environment/path.sh
[17.957s] -- Symlinking: /home/maze/ros2_ws/install/turtlebot3_gazebo/share/turtlebot3_gazebo/environment/path.dsv
[17.967s] -- Symlinking: /home/maze/ros2_ws/install/turtlebot3_gazebo/share/turtlebot3_gazebo/local_setup.bash
[17.977s] -- Symlinking: /home/maze/ros2_ws/install/turtlebot3_gazebo/share/turtlebot3_gazebo/local_setup.sh
[17.984s] -- Symlinking: /home/maze/ros2_ws/install/turtlebot3_gazebo/share/turtlebot3_gazebo/local_setup.zsh
[17.991s] -- Symlinking: /home/maze/ros2_ws/install/turtlebot3_gazebo/share/turtlebot3_gazebo/local_setup.dsv
[18.002s] -- Symlinking: /home/maze/ros2_ws/install/turtlebot3_gazebo/share/turtlebot3_gazebo/package.dsv
[18.013s] -- Symlinking: /home/maze/ros2_ws/install/turtlebot3_gazebo/share/ament_index/resource_index/packages/turtlebot3_gazebo
[18.022s] -- Symlinking: /home/maze/ros2_ws/install/turtlebot3_gazebo/share/turtlebot3_gazebo/cmake/ament_cmake_export_include_directories-extras.cmake
[18.029s] -- Symlinking: /home/maze/ros2_ws/install/turtlebot3_gazebo/share/turtlebot3_gazebo/cmake/ament_cmake_export_dependencies-extras.cmake
[18.037s] -- Symlinking: /home/maze/ros2_ws/install/turtlebot3_gazebo/share/turtlebot3_gazebo/cmake/turtlebot3_gazeboConfig.cmake
[18.047s] -- Symlinking: /home/maze/ros2_ws/install/turtlebot3_gazebo/share/turtlebot3_gazebo/cmake/turtlebot3_gazeboConfig-version.cmake
[18.055s] -- Symlinking: /home/maze/ros2_ws/install/turtlebot3_gazebo/share/turtlebot3_gazebo/package.xml
[18.063s] Invoked command in '/home/maze/ros2_ws/build/turtlebot3_gazebo' returned '0': CMAKE_PREFIX_PATH=${CMAKE_PREFIX_PATH}:/home/maze/ros2_ws/install/turtlebot3_teleop:/home/maze/ros2_ws/install/turtlebot3_example:/opt/ros/humble /usr/bin/cmake --install /home/maze/ros2_ws/build/turtlebot3_gazebo
