[0.034s] Invoking command in '/home/maze/ros2_ws/build/turtlebot3_manipulation_gazebo': CMAKE_PREFIX_PATH=${CMAKE_PREFIX_PATH}:/home/maze/ros2_ws/install/turtlebot3_teleop:/home/maze/ros2_ws/install/turtlebot3_example:/opt/ros/humble /usr/bin/cmake /home/maze/ros2_ws/src/turtlebot3_simulations/turtlebot3_manipulation_gazebo -DAMENT_CMAKE_SYMLINK_INSTALL=1 -DCMAKE_INSTALL_PREFIX=/home/maze/ros2_ws/install/turtlebot3_manipulation_gazebo
[0.120s] -- The C compiler identification is GNU 11.4.0
[0.195s] -- The CXX compiler identification is GNU 11.4.0
[0.206s] -- Detecting C compiler ABI info
[0.296s] -- Detecting C compiler ABI info - done
[0.307s] -- Check for working C compiler: /usr/bin/cc - skipped
[0.307s] -- Detecting C compile features
[0.307s] -- Detecting C compile features - done
[0.311s] -- Detecting CXX compiler ABI info
[0.412s] -- Detecting CXX compiler ABI info - done
[0.423s] -- Check for working CXX compiler: /usr/bin/c++ - skipped
[0.423s] -- Detecting CXX compile features
[0.424s] -- Detecting CXX compile features - done
[0.427s] -- Found ament_cmake: 1.3.12 (/opt/ros/humble/share/ament_cmake/cmake)
[0.620s] -- Found Python3: /usr/bin/python3 (found version "3.10.12") found components: Interpreter 
[0.696s] -- Override CMake install command with custom implementation using symlinks instead of copying resources
[0.817s] -- Configuring done
[0.818s] -- Generating done
[0.820s] -- Build files have been written to: /home/maze/ros2_ws/build/turtlebot3_manipulation_gazebo
[0.922s] Invoked command in '/home/maze/ros2_ws/build/turtlebot3_manipulation_gazebo' returned '0': CMAKE_PREFIX_PATH=${CMAKE_PREFIX_PATH}:/home/maze/ros2_ws/install/turtlebot3_teleop:/home/maze/ros2_ws/install/turtlebot3_example:/opt/ros/humble /usr/bin/cmake /home/maze/ros2_ws/src/turtlebot3_simulations/turtlebot3_manipulation_gazebo -DAMENT_CMAKE_SYMLINK_INSTALL=1 -DCMAKE_INSTALL_PREFIX=/home/maze/ros2_ws/install/turtlebot3_manipulation_gazebo
[0.924s] Invoking command in '/home/maze/ros2_ws/build/turtlebot3_manipulation_gazebo': CMAKE_PREFIX_PATH=${CMAKE_PREFIX_PATH}:/home/maze/ros2_ws/install/turtlebot3_teleop:/home/maze/ros2_ws/install/turtlebot3_example:/opt/ros/humble /usr/bin/cmake --build /home/maze/ros2_ws/build/turtlebot3_manipulation_gazebo -- -j20 -l20
[0.985s] Invoked command in '/home/maze/ros2_ws/build/turtlebot3_manipulation_gazebo' returned '0': CMAKE_PREFIX_PATH=${CMAKE_PREFIX_PATH}:/home/maze/ros2_ws/install/turtlebot3_teleop:/home/maze/ros2_ws/install/turtlebot3_example:/opt/ros/humble /usr/bin/cmake --build /home/maze/ros2_ws/build/turtlebot3_manipulation_gazebo -- -j20 -l20
[0.987s] Invoking command in '/home/maze/ros2_ws/build/turtlebot3_manipulation_gazebo': CMAKE_PREFIX_PATH=${CMAKE_PREFIX_PATH}:/home/maze/ros2_ws/install/turtlebot3_teleop:/home/maze/ros2_ws/install/turtlebot3_example:/opt/ros/humble /usr/bin/cmake --install /home/maze/ros2_ws/build/turtlebot3_manipulation_gazebo
[1.001s] -- Install configuration: ""
[1.001s] -- Execute custom install script
[1.001s] -- Symlinking: /home/maze/ros2_ws/install/turtlebot3_manipulation_gazebo/share/turtlebot3_manipulation_gazebo/config/gazebo_controller_manager.yaml
[1.012s] -- Symlinking: /home/maze/ros2_ws/install/turtlebot3_manipulation_gazebo/share/turtlebot3_manipulation_gazebo/config/hardware_controller_manager.yaml
[1.021s] -- Symlinking: /home/maze/ros2_ws/install/turtlebot3_manipulation_gazebo/share/turtlebot3_manipulation_gazebo/gazebo/materials.xacro
[1.030s] -- Symlinking: /home/maze/ros2_ws/install/turtlebot3_manipulation_gazebo/share/turtlebot3_manipulation_gazebo/gazebo/open_manipulator_x.gazebo.xacro
[1.038s] -- Symlinking: /home/maze/ros2_ws/install/turtlebot3_manipulation_gazebo/share/turtlebot3_manipulation_gazebo/gazebo/turtlebot3_waffle_pi.gazebo.xacro
[1.048s] -- Symlinking: /home/maze/ros2_ws/install/turtlebot3_manipulation_gazebo/share/turtlebot3_manipulation_gazebo/launch/base.launch.py
[1.057s] -- Symlinking: /home/maze/ros2_ws/install/turtlebot3_manipulation_gazebo/share/turtlebot3_manipulation_gazebo/launch/fake.launch.py
[1.066s] -- Symlinking: /home/maze/ros2_ws/install/turtlebot3_manipulation_gazebo/share/turtlebot3_manipulation_gazebo/launch/gazebo.launch.py
[1.079s] -- Symlinking: /home/maze/ros2_ws/install/turtlebot3_manipulation_gazebo/share/turtlebot3_manipulation_gazebo/launch/turtlebot3_home_service_challenge.launch.py
[1.090s] -- Symlinking: /home/maze/ros2_ws/install/turtlebot3_manipulation_gazebo/share/turtlebot3_manipulation_gazebo/ros2_control/turtlebot3_manipulation_system.ros2_control.xacro
[1.101s] -- Symlinking: /home/maze/ros2_ws/install/turtlebot3_manipulation_gazebo/share/turtlebot3_manipulation_gazebo/rviz/turtlebot3_manipulation.rviz
[1.111s] -- Symlinking: /home/maze/ros2_ws/install/turtlebot3_manipulation_gazebo/share/turtlebot3_manipulation_gazebo/urdf/open_manipulator_x.urdf.xacro
[1.122s] -- Symlinking: /home/maze/ros2_ws/install/turtlebot3_manipulation_gazebo/share/turtlebot3_manipulation_gazebo/urdf/turtlebot3_manipulation.urdf.xacro
[1.131s] -- Symlinking: /home/maze/ros2_ws/install/turtlebot3_manipulation_gazebo/share/turtlebot3_manipulation_gazebo/urdf/turtlebot3_waffle_pi.urdf.xacro
[1.139s] -- Symlinking: /home/maze/ros2_ws/install/turtlebot3_manipulation_gazebo/share/turtlebot3_manipulation_gazebo/worlds/turtlebot3_home_service_challenge.world
[1.150s] -- Symlinking: /home/maze/ros2_ws/install/turtlebot3_manipulation_gazebo/share/turtlebot3_manipulation_gazebo/models/turtlebot3_home_service_challenge/marker0/materials/textures/Marker0.png
[1.161s] -- Symlinking: /home/maze/ros2_ws/install/turtlebot3_manipulation_gazebo/share/turtlebot3_manipulation_gazebo/models/turtlebot3_home_service_challenge/marker0/meshes/Marker0.dae
[1.172s] -- Symlinking: /home/maze/ros2_ws/install/turtlebot3_manipulation_gazebo/share/turtlebot3_manipulation_gazebo/models/turtlebot3_home_service_challenge/marker0/model-1_4.sdf
[1.180s] -- Symlinking: /home/maze/ros2_ws/install/turtlebot3_manipulation_gazebo/share/turtlebot3_manipulation_gazebo/models/turtlebot3_home_service_challenge/marker0/model-1_5.sdf
[1.191s] -- Symlinking: /home/maze/ros2_ws/install/turtlebot3_manipulation_gazebo/share/turtlebot3_manipulation_gazebo/models/turtlebot3_home_service_challenge/marker0/model.config
[1.201s] -- Symlinking: /home/maze/ros2_ws/install/turtlebot3_manipulation_gazebo/share/turtlebot3_manipulation_gazebo/models/turtlebot3_home_service_challenge/marker0/model.sdf
[1.212s] -- Symlinking: /home/maze/ros2_ws/install/turtlebot3_manipulation_gazebo/share/turtlebot3_manipulation_gazebo/models/turtlebot3_home_service_challenge/marker1/materials/textures/Marker1.png
[1.223s] -- Symlinking: /home/maze/ros2_ws/install/turtlebot3_manipulation_gazebo/share/turtlebot3_manipulation_gazebo/models/turtlebot3_home_service_challenge/marker1/meshes/Marker1.dae
[1.234s] -- Symlinking: /home/maze/ros2_ws/install/turtlebot3_manipulation_gazebo/share/turtlebot3_manipulation_gazebo/models/turtlebot3_home_service_challenge/marker1/model-1_4.sdf
[1.246s] -- Symlinking: /home/maze/ros2_ws/install/turtlebot3_manipulation_gazebo/share/turtlebot3_manipulation_gazebo/models/turtlebot3_home_service_challenge/marker1/model-1_5.sdf
[1.256s] -- Symlinking: /home/maze/ros2_ws/install/turtlebot3_manipulation_gazebo/share/turtlebot3_manipulation_gazebo/models/turtlebot3_home_service_challenge/marker1/model.config
[1.264s] -- Symlinking: /home/maze/ros2_ws/install/turtlebot3_manipulation_gazebo/share/turtlebot3_manipulation_gazebo/models/turtlebot3_home_service_challenge/marker1/model.sdf
[1.274s] -- Symlinking: /home/maze/ros2_ws/install/turtlebot3_manipulation_gazebo/share/turtlebot3_manipulation_gazebo/models/turtlebot3_home_service_challenge/marker2/materials/textures/Marker2.png
[1.283s] -- Symlinking: /home/maze/ros2_ws/install/turtlebot3_manipulation_gazebo/share/turtlebot3_manipulation_gazebo/models/turtlebot3_home_service_challenge/marker2/meshes/Marker2.dae
[1.293s] -- Symlinking: /home/maze/ros2_ws/install/turtlebot3_manipulation_gazebo/share/turtlebot3_manipulation_gazebo/models/turtlebot3_home_service_challenge/marker2/model-1_4.sdf
[1.305s] -- Symlinking: /home/maze/ros2_ws/install/turtlebot3_manipulation_gazebo/share/turtlebot3_manipulation_gazebo/models/turtlebot3_home_service_challenge/marker2/model-1_5.sdf
[1.315s] -- Symlinking: /home/maze/ros2_ws/install/turtlebot3_manipulation_gazebo/share/turtlebot3_manipulation_gazebo/models/turtlebot3_home_service_challenge/marker2/model.config
[1.326s] -- Symlinking: /home/maze/ros2_ws/install/turtlebot3_manipulation_gazebo/share/turtlebot3_manipulation_gazebo/models/turtlebot3_home_service_challenge/marker2/model.sdf
[1.338s] -- Symlinking: /home/maze/ros2_ws/install/turtlebot3_manipulation_gazebo/share/turtlebot3_manipulation_gazebo/models/turtlebot3_home_service_challenge/marker3/materials/textures/Marker3.png
[1.348s] -- Symlinking: /home/maze/ros2_ws/install/turtlebot3_manipulation_gazebo/share/turtlebot3_manipulation_gazebo/models/turtlebot3_home_service_challenge/marker3/meshes/Marker3.dae
[1.358s] -- Symlinking: /home/maze/ros2_ws/install/turtlebot3_manipulation_gazebo/share/turtlebot3_manipulation_gazebo/models/turtlebot3_home_service_challenge/marker3/model-1_4.sdf
[1.369s] -- Symlinking: /home/maze/ros2_ws/install/turtlebot3_manipulation_gazebo/share/turtlebot3_manipulation_gazebo/models/turtlebot3_home_service_challenge/marker3/model-1_5.sdf
[1.380s] -- Symlinking: /home/maze/ros2_ws/install/turtlebot3_manipulation_gazebo/share/turtlebot3_manipulation_gazebo/models/turtlebot3_home_service_challenge/marker3/model.config
[1.389s] -- Symlinking: /home/maze/ros2_ws/install/turtlebot3_manipulation_gazebo/share/turtlebot3_manipulation_gazebo/models/turtlebot3_home_service_challenge/marker3/model.sdf
[1.401s] -- Symlinking: /home/maze/ros2_ws/install/turtlebot3_manipulation_gazebo/share/turtlebot3_manipulation_gazebo/models/turtlebot3_home_service_challenge/marker4/materials/textures/Marker4.png
[1.413s] -- Symlinking: /home/maze/ros2_ws/install/turtlebot3_manipulation_gazebo/share/turtlebot3_manipulation_gazebo/models/turtlebot3_home_service_challenge/marker4/meshes/Marker4.dae
[1.423s] -- Symlinking: /home/maze/ros2_ws/install/turtlebot3_manipulation_gazebo/share/turtlebot3_manipulation_gazebo/models/turtlebot3_home_service_challenge/marker4/model-1_4.sdf
[1.433s] -- Symlinking: /home/maze/ros2_ws/install/turtlebot3_manipulation_gazebo/share/turtlebot3_manipulation_gazebo/models/turtlebot3_home_service_challenge/marker4/model-1_5.sdf
[1.442s] -- Symlinking: /home/maze/ros2_ws/install/turtlebot3_manipulation_gazebo/share/turtlebot3_manipulation_gazebo/models/turtlebot3_home_service_challenge/marker4/model.config
[1.450s] -- Symlinking: /home/maze/ros2_ws/install/turtlebot3_manipulation_gazebo/share/turtlebot3_manipulation_gazebo/models/turtlebot3_home_service_challenge/marker4/model.sdf
[1.458s] -- Symlinking: /home/maze/ros2_ws/install/turtlebot3_manipulation_gazebo/share/turtlebot3_manipulation_gazebo/models/turtlebot3_home_service_challenge/marker5/materials/textures/Marker5.png
[1.466s] -- Symlinking: /home/maze/ros2_ws/install/turtlebot3_manipulation_gazebo/share/turtlebot3_manipulation_gazebo/models/turtlebot3_home_service_challenge/marker5/meshes/Marker5.dae
[1.474s] -- Symlinking: /home/maze/ros2_ws/install/turtlebot3_manipulation_gazebo/share/turtlebot3_manipulation_gazebo/models/turtlebot3_home_service_challenge/marker5/model-1_4.sdf
[1.482s] -- Symlinking: /home/maze/ros2_ws/install/turtlebot3_manipulation_gazebo/share/turtlebot3_manipulation_gazebo/models/turtlebot3_home_service_challenge/marker5/model-1_5.sdf
[1.490s] -- Symlinking: /home/maze/ros2_ws/install/turtlebot3_manipulation_gazebo/share/turtlebot3_manipulation_gazebo/models/turtlebot3_home_service_challenge/marker5/model.config
[1.498s] -- Symlinking: /home/maze/ros2_ws/install/turtlebot3_manipulation_gazebo/share/turtlebot3_manipulation_gazebo/models/turtlebot3_home_service_challenge/marker5/model.sdf
[1.506s] -- Symlinking: /home/maze/ros2_ws/install/turtlebot3_manipulation_gazebo/share/turtlebot3_manipulation_gazebo/models/turtlebot3_home_service_challenge/marker6/materials/textures/Marker6.png
[1.516s] -- Symlinking: /home/maze/ros2_ws/install/turtlebot3_manipulation_gazebo/share/turtlebot3_manipulation_gazebo/models/turtlebot3_home_service_challenge/marker6/meshes/Marker6.dae
[1.525s] -- Symlinking: /home/maze/ros2_ws/install/turtlebot3_manipulation_gazebo/share/turtlebot3_manipulation_gazebo/models/turtlebot3_home_service_challenge/marker6/model-1_4.sdf
[1.536s] -- Symlinking: /home/maze/ros2_ws/install/turtlebot3_manipulation_gazebo/share/turtlebot3_manipulation_gazebo/models/turtlebot3_home_service_challenge/marker6/model-1_5.sdf
[1.546s] -- Symlinking: /home/maze/ros2_ws/install/turtlebot3_manipulation_gazebo/share/turtlebot3_manipulation_gazebo/models/turtlebot3_home_service_challenge/marker6/model.config
[1.556s] -- Symlinking: /home/maze/ros2_ws/install/turtlebot3_manipulation_gazebo/share/turtlebot3_manipulation_gazebo/models/turtlebot3_home_service_challenge/marker6/model.sdf
[1.566s] -- Symlinking: /home/maze/ros2_ws/install/turtlebot3_manipulation_gazebo/share/turtlebot3_manipulation_gazebo/models/turtlebot3_home_service_challenge/marker7/materials/textures/Marker7.png
[1.574s] -- Symlinking: /home/maze/ros2_ws/install/turtlebot3_manipulation_gazebo/share/turtlebot3_manipulation_gazebo/models/turtlebot3_home_service_challenge/marker7/meshes/Marker7.dae
[1.583s] -- Symlinking: /home/maze/ros2_ws/install/turtlebot3_manipulation_gazebo/share/turtlebot3_manipulation_gazebo/models/turtlebot3_home_service_challenge/marker7/model-1_4.sdf
[1.592s] -- Symlinking: /home/maze/ros2_ws/install/turtlebot3_manipulation_gazebo/share/turtlebot3_manipulation_gazebo/models/turtlebot3_home_service_challenge/marker7/model-1_5.sdf
[1.600s] -- Symlinking: /home/maze/ros2_ws/install/turtlebot3_manipulation_gazebo/share/turtlebot3_manipulation_gazebo/models/turtlebot3_home_service_challenge/marker7/model.config
[1.610s] -- Symlinking: /home/maze/ros2_ws/install/turtlebot3_manipulation_gazebo/share/turtlebot3_manipulation_gazebo/models/turtlebot3_home_service_challenge/marker7/model.sdf
[1.623s] -- Symlinking: /home/maze/ros2_ws/install/turtlebot3_manipulation_gazebo/share/turtlebot3_manipulation_gazebo/models/turtlebot3_home_service_challenge/marker8/materials/textures/Marker8.png
[1.631s] -- Symlinking: /home/maze/ros2_ws/install/turtlebot3_manipulation_gazebo/share/turtlebot3_manipulation_gazebo/models/turtlebot3_home_service_challenge/marker8/meshes/Marker8.dae
[1.640s] -- Symlinking: /home/maze/ros2_ws/install/turtlebot3_manipulation_gazebo/share/turtlebot3_manipulation_gazebo/models/turtlebot3_home_service_challenge/marker8/model-1_4.sdf
[1.648s] -- Symlinking: /home/maze/ros2_ws/install/turtlebot3_manipulation_gazebo/share/turtlebot3_manipulation_gazebo/models/turtlebot3_home_service_challenge/marker8/model-1_5.sdf
[1.657s] -- Symlinking: /home/maze/ros2_ws/install/turtlebot3_manipulation_gazebo/share/turtlebot3_manipulation_gazebo/models/turtlebot3_home_service_challenge/marker8/model.config
[1.665s] -- Symlinking: /home/maze/ros2_ws/install/turtlebot3_manipulation_gazebo/share/turtlebot3_manipulation_gazebo/models/turtlebot3_home_service_challenge/marker8/model.sdf
[1.674s] -- Symlinking: /home/maze/ros2_ws/install/turtlebot3_manipulation_gazebo/share/turtlebot3_manipulation_gazebo/models/turtlebot3_home_service_challenge/marker9/materials/textures/Marker9.png
[1.684s] -- Symlinking: /home/maze/ros2_ws/install/turtlebot3_manipulation_gazebo/share/turtlebot3_manipulation_gazebo/models/turtlebot3_home_service_challenge/marker9/meshes/Marker9.dae
[1.693s] -- Symlinking: /home/maze/ros2_ws/install/turtlebot3_manipulation_gazebo/share/turtlebot3_manipulation_gazebo/models/turtlebot3_home_service_challenge/marker9/model-1_4.sdf
[1.703s] -- Symlinking: /home/maze/ros2_ws/install/turtlebot3_manipulation_gazebo/share/turtlebot3_manipulation_gazebo/models/turtlebot3_home_service_challenge/marker9/model-1_5.sdf
[1.713s] -- Symlinking: /home/maze/ros2_ws/install/turtlebot3_manipulation_gazebo/share/turtlebot3_manipulation_gazebo/models/turtlebot3_home_service_challenge/marker9/model.config
[1.724s] -- Symlinking: /home/maze/ros2_ws/install/turtlebot3_manipulation_gazebo/share/turtlebot3_manipulation_gazebo/models/turtlebot3_home_service_challenge/marker9/model.sdf
[1.734s] -- Symlinking: /home/maze/ros2_ws/install/turtlebot3_manipulation_gazebo/share/turtlebot3_manipulation_gazebo/meshes/open_manipulator_x/gripper_left_palm.stl
[1.745s] -- Symlinking: /home/maze/ros2_ws/install/turtlebot3_manipulation_gazebo/share/turtlebot3_manipulation_gazebo/meshes/open_manipulator_x/gripper_right_palm.stl
[1.753s] -- Symlinking: /home/maze/ros2_ws/install/turtlebot3_manipulation_gazebo/share/turtlebot3_manipulation_gazebo/meshes/open_manipulator_x/link1.stl
[1.760s] -- Symlinking: /home/maze/ros2_ws/install/turtlebot3_manipulation_gazebo/share/turtlebot3_manipulation_gazebo/meshes/open_manipulator_x/link2.stl
[1.769s] -- Symlinking: /home/maze/ros2_ws/install/turtlebot3_manipulation_gazebo/share/turtlebot3_manipulation_gazebo/meshes/open_manipulator_x/link3.stl
[1.777s] -- Symlinking: /home/maze/ros2_ws/install/turtlebot3_manipulation_gazebo/share/turtlebot3_manipulation_gazebo/meshes/open_manipulator_x/link4.stl
[1.785s] -- Symlinking: /home/maze/ros2_ws/install/turtlebot3_manipulation_gazebo/share/turtlebot3_manipulation_gazebo/meshes/open_manipulator_x/link5.stl
[1.793s] -- Symlinking: /home/maze/ros2_ws/install/turtlebot3_manipulation_gazebo/share/turtlebot3_manipulation_gazebo/meshes/turtlebot3_waffle_pi/base.stl
[1.802s] -- Symlinking: /home/maze/ros2_ws/install/turtlebot3_manipulation_gazebo/share/turtlebot3_manipulation_gazebo/meshes/turtlebot3_waffle_pi/ladar.stl
[1.811s] -- Symlinking: /home/maze/ros2_ws/install/turtlebot3_manipulation_gazebo/share/turtlebot3_manipulation_gazebo/meshes/turtlebot3_waffle_pi/left_tire.stl
[1.824s] -- Symlinking: /home/maze/ros2_ws/install/turtlebot3_manipulation_gazebo/share/turtlebot3_manipulation_gazebo/meshes/turtlebot3_waffle_pi/right_tire.stl
[1.835s] -- Symlinking: /home/maze/ros2_ws/install/turtlebot3_manipulation_gazebo/share/ament_index/resource_index/package_run_dependencies/turtlebot3_manipulation_gazebo
[1.844s] -- Symlinking: /home/maze/ros2_ws/install/turtlebot3_manipulation_gazebo/share/ament_index/resource_index/parent_prefix_path/turtlebot3_manipulation_gazebo
[1.852s] -- Symlinking: /home/maze/ros2_ws/install/turtlebot3_manipulation_gazebo/share/turtlebot3_manipulation_gazebo/environment/ament_prefix_path.sh
[1.860s] -- Symlinking: /home/maze/ros2_ws/install/turtlebot3_manipulation_gazebo/share/turtlebot3_manipulation_gazebo/environment/ament_prefix_path.dsv
[1.869s] -- Symlinking: /home/maze/ros2_ws/install/turtlebot3_manipulation_gazebo/share/turtlebot3_manipulation_gazebo/environment/path.sh
[1.878s] -- Symlinking: /home/maze/ros2_ws/install/turtlebot3_manipulation_gazebo/share/turtlebot3_manipulation_gazebo/environment/path.dsv
[1.889s] -- Symlinking: /home/maze/ros2_ws/install/turtlebot3_manipulation_gazebo/share/turtlebot3_manipulation_gazebo/local_setup.bash
[1.896s] -- Symlinking: /home/maze/ros2_ws/install/turtlebot3_manipulation_gazebo/share/turtlebot3_manipulation_gazebo/local_setup.sh
[1.907s] -- Symlinking: /home/maze/ros2_ws/install/turtlebot3_manipulation_gazebo/share/turtlebot3_manipulation_gazebo/local_setup.zsh
[1.913s] -- Symlinking: /home/maze/ros2_ws/install/turtlebot3_manipulation_gazebo/share/turtlebot3_manipulation_gazebo/local_setup.dsv
[1.925s] -- Symlinking: /home/maze/ros2_ws/install/turtlebot3_manipulation_gazebo/share/turtlebot3_manipulation_gazebo/package.dsv
[1.934s] -- Symlinking: /home/maze/ros2_ws/install/turtlebot3_manipulation_gazebo/share/ament_index/resource_index/packages/turtlebot3_manipulation_gazebo
[1.942s] -- Symlinking: /home/maze/ros2_ws/install/turtlebot3_manipulation_gazebo/share/turtlebot3_manipulation_gazebo/cmake/turtlebot3_manipulation_gazeboConfig.cmake
[1.952s] -- Symlinking: /home/maze/ros2_ws/install/turtlebot3_manipulation_gazebo/share/turtlebot3_manipulation_gazebo/cmake/turtlebot3_manipulation_gazeboConfig-version.cmake
[1.960s] -- Symlinking: /home/maze/ros2_ws/install/turtlebot3_manipulation_gazebo/share/turtlebot3_manipulation_gazebo/package.xml
[1.972s] Invoked command in '/home/maze/ros2_ws/build/turtlebot3_manipulation_gazebo' returned '0': CMAKE_PREFIX_PATH=${CMAKE_PREFIX_PATH}:/home/maze/ros2_ws/install/turtlebot3_teleop:/home/maze/ros2_ws/install/turtlebot3_example:/opt/ros/humble /usr/bin/cmake --install /home/maze/ros2_ws/build/turtlebot3_manipulation_gazebo
