[0.481s] Invoking command in '/home/maze/ros2_ws/src/color_navigator': PYTHONPATH=/home/maze/ros2_ws/build/color_navigator/prefix_override:/usr/lib/python3/dist-packages/colcon_core/task/python/colcon_distutils_commands:/home/maze/ros2_ws/install/color_navigator/lib/python3.10/site-packages:${PYTHONPATH} /usr/bin/python3 -W ignore:setup.py install is deprecated -W ignore:easy_install command is deprecated setup.py egg_info --egg-base ../../build/color_navigator build --build-base /home/maze/ros2_ws/build/color_navigator/build install --record /home/maze/ros2_ws/build/color_navigator/install.log --single-version-externally-managed install_data
[0.664s] running egg_info
[0.664s] writing ../../build/color_navigator/color_navigator.egg-info/PKG-INFO
[0.665s] writing dependency_links to ../../build/color_navigator/color_navigator.egg-info/dependency_links.txt
[0.665s] writing entry points to ../../build/color_navigator/color_navigator.egg-info/entry_points.txt
[0.665s] writing requirements to ../../build/color_navigator/color_navigator.egg-info/requires.txt
[0.665s] writing top-level names to ../../build/color_navigator/color_navigator.egg-info/top_level.txt
[0.668s] reading manifest file '../../build/color_navigator/color_navigator.egg-info/SOURCES.txt'
[0.669s] writing manifest file '../../build/color_navigator/color_navigator.egg-info/SOURCES.txt'
[0.669s] running build
[0.669s] running build_py
[0.670s] running install
[0.670s] running install_lib
[0.671s] running install_data
[0.671s] copying worlds/box_world.world -> /home/maze/ros2_ws/install/color_navigator/share/color_navigator/worlds
[0.671s] running install_egg_info
[0.673s] removing '/home/maze/ros2_ws/install/color_navigator/lib/python3.10/site-packages/color_navigator-0.0.1-py3.10.egg-info' (and everything under it)
[0.673s] Copying ../../build/color_navigator/color_navigator.egg-info to /home/maze/ros2_ws/install/color_navigator/lib/python3.10/site-packages/color_navigator-0.0.1-py3.10.egg-info
[0.674s] running install_scripts
[0.692s] Installing color_detector script to /home/maze/ros2_ws/install/color_navigator/bin
[0.692s] Installing robot_controller script to /home/maze/ros2_ws/install/color_navigator/bin
[0.692s] writing list of installed files to '/home/maze/ros2_ws/build/color_navigator/install.log'
[0.712s] Invoked command in '/home/maze/ros2_ws/src/color_navigator' returned '0': PYTHONPATH=/home/maze/ros2_ws/build/color_navigator/prefix_override:/usr/lib/python3/dist-packages/colcon_core/task/python/colcon_distutils_commands:/home/maze/ros2_ws/install/color_navigator/lib/python3.10/site-packages:${PYTHONPATH} /usr/bin/python3 -W ignore:setup.py install is deprecated -W ignore:easy_install command is deprecated setup.py egg_info --egg-base ../../build/color_navigator build --build-base /home/maze/ros2_ws/build/color_navigator/build install --record /home/maze/ros2_ws/build/color_navigator/install.log --single-version-externally-managed install_data
