[0.021s] Invoking command in '/home/maze/ros2_ws/build/turtlebot3_node': CMAKE_PREFIX_PATH=/home/maze/ros2_ws/install/turtlebot3_msgs:/home/maze/ros2_ws/install/dynamixel_sdk:/home/maze/ros2_ws/install/turtlebot3:/home/maze/ros2_ws/install/turtlebot3_bringup:/home/maze/ros2_ws/install/turtlebot3_node:/home/maze/ros2_ws/install/turtlebot3_navigation2:/home/maze/ros2_ws/install/turtlebot3_description:/home/maze/ros2_ws/install/turtlebot3_cartographer:/home/maze/ros2_ws/install/dynamixel_sdk_examples:/home/maze/ros2_ws/install/dynamixel_sdk_custom_interfaces:/home/maze/ros2_ws/install/turtlebot3_teleop:/home/maze/ros2_ws/install/turtlebot3_example:/opt/ros/humble LD_LIBRARY_PATH=/home/maze/ros2_ws/install/turtlebot3_msgs/lib:/home/maze/ros2_ws/install/dynamixel_sdk/lib:/home/maze/ros2_ws/install/dynamixel_sdk_custom_interfaces/lib:/usr/lib/x86_64-linux-gnu/gazebo-11/plugins:/opt/ros/humble/opt/rviz_ogre_vendor/lib:/opt/ros/humble/lib/x86_64-linux-gnu:/opt/ros/humble/lib /usr/bin/cmake --build /home/maze/ros2_ws/build/turtlebot3_node -- -j20 -l20
[0.257s] [35m[1mConsolidate compiler generated dependencies of target turtlebot3_node_lib[0m
[0.257s] [ 85%] Built target turtlebot3_node_lib
[0.257s] [35m[1mConsolidate compiler generated dependencies of target turtlebot3_ros[0m
[0.257s] [100%] Built target turtlebot3_ros
[0.264s] Invoked command in '/home/maze/ros2_ws/build/turtlebot3_node' returned '0': CMAKE_PREFIX_PATH=/home/maze/ros2_ws/install/turtlebot3_msgs:/home/maze/ros2_ws/install/dynamixel_sdk:/home/maze/ros2_ws/install/turtlebot3:/home/maze/ros2_ws/install/turtlebot3_bringup:/home/maze/ros2_ws/install/turtlebot3_node:/home/maze/ros2_ws/install/turtlebot3_navigation2:/home/maze/ros2_ws/install/turtlebot3_description:/home/maze/ros2_ws/install/turtlebot3_cartographer:/home/maze/ros2_ws/install/dynamixel_sdk_examples:/home/maze/ros2_ws/install/dynamixel_sdk_custom_interfaces:/home/maze/ros2_ws/install/turtlebot3_teleop:/home/maze/ros2_ws/install/turtlebot3_example:/opt/ros/humble LD_LIBRARY_PATH=/home/maze/ros2_ws/install/turtlebot3_msgs/lib:/home/maze/ros2_ws/install/dynamixel_sdk/lib:/home/maze/ros2_ws/install/dynamixel_sdk_custom_interfaces/lib:/usr/lib/x86_64-linux-gnu/gazebo-11/plugins:/opt/ros/humble/opt/rviz_ogre_vendor/lib:/opt/ros/humble/lib/x86_64-linux-gnu:/opt/ros/humble/lib /usr/bin/cmake --build /home/maze/ros2_ws/build/turtlebot3_node -- -j20 -l20
[0.266s] Invoking command in '/home/maze/ros2_ws/build/turtlebot3_node': CMAKE_PREFIX_PATH=/home/maze/ros2_ws/install/turtlebot3_msgs:/home/maze/ros2_ws/install/dynamixel_sdk:/home/maze/ros2_ws/install/turtlebot3:/home/maze/ros2_ws/install/turtlebot3_bringup:/home/maze/ros2_ws/install/turtlebot3_node:/home/maze/ros2_ws/install/turtlebot3_navigation2:/home/maze/ros2_ws/install/turtlebot3_description:/home/maze/ros2_ws/install/turtlebot3_cartographer:/home/maze/ros2_ws/install/dynamixel_sdk_examples:/home/maze/ros2_ws/install/dynamixel_sdk_custom_interfaces:/home/maze/ros2_ws/install/turtlebot3_teleop:/home/maze/ros2_ws/install/turtlebot3_example:/opt/ros/humble LD_LIBRARY_PATH=/home/maze/ros2_ws/install/turtlebot3_msgs/lib:/home/maze/ros2_ws/install/dynamixel_sdk/lib:/home/maze/ros2_ws/install/dynamixel_sdk_custom_interfaces/lib:/usr/lib/x86_64-linux-gnu/gazebo-11/plugins:/opt/ros/humble/opt/rviz_ogre_vendor/lib:/opt/ros/humble/lib/x86_64-linux-gnu:/opt/ros/humble/lib /usr/bin/cmake --install /home/maze/ros2_ws/build/turtlebot3_node
[0.278s] -- Install configuration: ""
[0.279s] -- Execute custom install script
[0.280s] -- Up-to-date symlink: /home/maze/ros2_ws/install/turtlebot3_node/share/turtlebot3_node/param/burger.yaml
[0.280s] -- Up-to-date symlink: /home/maze/ros2_ws/install/turtlebot3_node/share/turtlebot3_node/param/waffle.yaml
[0.281s] -- Up-to-date symlink: /home/maze/ros2_ws/install/turtlebot3_node/share/turtlebot3_node/param/waffle_pi.yaml
[0.281s] -- Up-to-date symlink: /home/maze/ros2_ws/install/turtlebot3_node/lib/turtlebot3_node/turtlebot3_ros
[0.281s] -- Up-to-date symlink: /home/maze/ros2_ws/install/turtlebot3_node/share/ament_index/resource_index/package_run_dependencies/turtlebot3_node
[0.281s] -- Up-to-date symlink: /home/maze/ros2_ws/install/turtlebot3_node/share/ament_index/resource_index/parent_prefix_path/turtlebot3_node
[0.282s] -- Up-to-date symlink: /home/maze/ros2_ws/install/turtlebot3_node/share/turtlebot3_node/environment/ament_prefix_path.sh
[0.282s] -- Up-to-date symlink: /home/maze/ros2_ws/install/turtlebot3_node/share/turtlebot3_node/environment/ament_prefix_path.dsv
[0.282s] -- Up-to-date symlink: /home/maze/ros2_ws/install/turtlebot3_node/share/turtlebot3_node/environment/path.sh
[0.282s] -- Up-to-date symlink: /home/maze/ros2_ws/install/turtlebot3_node/share/turtlebot3_node/environment/path.dsv
[0.283s] -- Up-to-date symlink: /home/maze/ros2_ws/install/turtlebot3_node/share/turtlebot3_node/local_setup.bash
[0.283s] -- Up-to-date symlink: /home/maze/ros2_ws/install/turtlebot3_node/share/turtlebot3_node/local_setup.sh
[0.283s] -- Up-to-date symlink: /home/maze/ros2_ws/install/turtlebot3_node/share/turtlebot3_node/local_setup.zsh
[0.283s] -- Up-to-date symlink: /home/maze/ros2_ws/install/turtlebot3_node/share/turtlebot3_node/local_setup.dsv
[0.283s] -- Symlinking: /home/maze/ros2_ws/install/turtlebot3_node/share/turtlebot3_node/package.dsv
[0.298s] -- Up-to-date symlink: /home/maze/ros2_ws/install/turtlebot3_node/share/ament_index/resource_index/packages/turtlebot3_node
[0.298s] -- Up-to-date symlink: /home/maze/ros2_ws/install/turtlebot3_node/share/turtlebot3_node/cmake/ament_cmake_export_dependencies-extras.cmake
[0.298s] -- Up-to-date symlink: /home/maze/ros2_ws/install/turtlebot3_node/share/turtlebot3_node/cmake/ament_cmake_export_include_directories-extras.cmake
[0.298s] -- Up-to-date symlink: /home/maze/ros2_ws/install/turtlebot3_node/share/turtlebot3_node/cmake/turtlebot3_nodeConfig.cmake
[0.299s] -- Up-to-date symlink: /home/maze/ros2_ws/install/turtlebot3_node/share/turtlebot3_node/cmake/turtlebot3_nodeConfig-version.cmake
[0.299s] -- Up-to-date symlink: /home/maze/ros2_ws/install/turtlebot3_node/share/turtlebot3_node/package.xml
[0.307s] Invoked command in '/home/maze/ros2_ws/build/turtlebot3_node' returned '0': CMAKE_PREFIX_PATH=/home/maze/ros2_ws/install/turtlebot3_msgs:/home/maze/ros2_ws/install/dynamixel_sdk:/home/maze/ros2_ws/install/turtlebot3:/home/maze/ros2_ws/install/turtlebot3_bringup:/home/maze/ros2_ws/install/turtlebot3_node:/home/maze/ros2_ws/install/turtlebot3_navigation2:/home/maze/ros2_ws/install/turtlebot3_description:/home/maze/ros2_ws/install/turtlebot3_cartographer:/home/maze/ros2_ws/install/dynamixel_sdk_examples:/home/maze/ros2_ws/install/dynamixel_sdk_custom_interfaces:/home/maze/ros2_ws/install/turtlebot3_teleop:/home/maze/ros2_ws/install/turtlebot3_example:/opt/ros/humble LD_LIBRARY_PATH=/home/maze/ros2_ws/install/turtlebot3_msgs/lib:/home/maze/ros2_ws/install/dynamixel_sdk/lib:/home/maze/ros2_ws/install/dynamixel_sdk_custom_interfaces/lib:/usr/lib/x86_64-linux-gnu/gazebo-11/plugins:/opt/ros/humble/opt/rviz_ogre_vendor/lib:/opt/ros/humble/lib/x86_64-linux-gnu:/opt/ros/humble/lib /usr/bin/cmake --install /home/maze/ros2_ws/build/turtlebot3_node
