[0.017s] Invoking command in '/home/maze/ros2_ws/build/turtlebot3': AMENT_PREFIX_PATH=/home/maze/ros2_ws/install/turtlebot3_bringup:/home/maze/ros2_ws/install/turtlebot3_node:/home/maze/ros2_ws/install/turtlebot3_example:/home/maze/ros2_ws/install/turtlebot3_teleop:/home/maze/ros2_ws/install/turtlebot3_navigation2:/home/maze/ros2_ws/install/turtlebot3_msgs:/home/maze/ros2_ws/install/turtlebot3_description:/home/maze/ros2_ws/install/turtlebot3_cartographer:/home/maze/ros2_ws/install/dynamixel_sdk:${AMENT_PREFIX_PATH} CMAKE_PREFIX_PATH=/home/maze/ros2_ws/install/turtlebot3_bringup:/home/maze/ros2_ws/install/turtlebot3_node:/home/maze/ros2_ws/install/turtlebot3_navigation2:/home/maze/ros2_ws/install/turtlebot3_msgs:/home/maze/ros2_ws/install/turtlebot3_description:/home/maze/ros2_ws/install/turtlebot3_cartographer:/home/maze/ros2_ws/install/dynamixel_sdk:/opt/ros/humble LD_LIBRARY_PATH=/home/maze/ros2_ws/install/turtlebot3_msgs/lib:/home/maze/ros2_ws/install/dynamixel_sdk/lib:${LD_LIBRARY_PATH} PYTHONPATH=/home/maze/ros2_ws/build/turtlebot3_example:/home/maze/ros2_ws/install/turtlebot3_example/lib/python3.10/site-packages:/home/maze/ros2_ws/build/turtlebot3_teleop:/home/maze/ros2_ws/install/turtlebot3_teleop/lib/python3.10/site-packages:/home/maze/ros2_ws/install/turtlebot3_msgs/local/lib/python3.10/dist-packages:/home/maze/ros2_ws/install/dynamixel_sdk/local/lib/python3.10/dist-packages:${PYTHONPATH} /usr/bin/cmake /home/maze/ros2_ws/src/turtlebot3/turtlebot3 -DAMENT_CMAKE_SYMLINK_INSTALL=1 -DCMAKE_INSTALL_PREFIX=/home/maze/ros2_ws/install/turtlebot3
[0.064s] -- The C compiler identification is GNU 11.4.0
[0.107s] -- The CXX compiler identification is GNU 11.4.0
[0.114s] -- Detecting C compiler ABI info
[0.172s] -- Detecting C compiler ABI info - done
[0.179s] -- Check for working C compiler: /usr/bin/cc - skipped
[0.179s] -- Detecting C compile features
[0.179s] -- Detecting C compile features - done
[0.182s] -- Detecting CXX compiler ABI info
[0.247s] -- Detecting CXX compiler ABI info - done
[0.254s] -- Check for working CXX compiler: /usr/bin/c++ - skipped
[0.254s] -- Detecting CXX compile features
[0.254s] -- Detecting CXX compile features - done
[0.256s] -- Found ament_cmake: 1.3.12 (/opt/ros/humble/share/ament_cmake/cmake)
[0.366s] -- Found Python3: /usr/bin/python3 (found version "3.10.12") found components: Interpreter 
[0.411s] -- Override CMake install command with custom implementation using symlinks instead of copying resources
[0.475s] -- Configuring done
[0.476s] -- Generating done
[0.477s] -- Build files have been written to: /home/maze/ros2_ws/build/turtlebot3
[0.481s] Invoked command in '/home/maze/ros2_ws/build/turtlebot3' returned '0': AMENT_PREFIX_PATH=/home/maze/ros2_ws/install/turtlebot3_bringup:/home/maze/ros2_ws/install/turtlebot3_node:/home/maze/ros2_ws/install/turtlebot3_example:/home/maze/ros2_ws/install/turtlebot3_teleop:/home/maze/ros2_ws/install/turtlebot3_navigation2:/home/maze/ros2_ws/install/turtlebot3_msgs:/home/maze/ros2_ws/install/turtlebot3_description:/home/maze/ros2_ws/install/turtlebot3_cartographer:/home/maze/ros2_ws/install/dynamixel_sdk:${AMENT_PREFIX_PATH} CMAKE_PREFIX_PATH=/home/maze/ros2_ws/install/turtlebot3_bringup:/home/maze/ros2_ws/install/turtlebot3_node:/home/maze/ros2_ws/install/turtlebot3_navigation2:/home/maze/ros2_ws/install/turtlebot3_msgs:/home/maze/ros2_ws/install/turtlebot3_description:/home/maze/ros2_ws/install/turtlebot3_cartographer:/home/maze/ros2_ws/install/dynamixel_sdk:/opt/ros/humble LD_LIBRARY_PATH=/home/maze/ros2_ws/install/turtlebot3_msgs/lib:/home/maze/ros2_ws/install/dynamixel_sdk/lib:${LD_LIBRARY_PATH} PYTHONPATH=/home/maze/ros2_ws/build/turtlebot3_example:/home/maze/ros2_ws/install/turtlebot3_example/lib/python3.10/site-packages:/home/maze/ros2_ws/build/turtlebot3_teleop:/home/maze/ros2_ws/install/turtlebot3_teleop/lib/python3.10/site-packages:/home/maze/ros2_ws/install/turtlebot3_msgs/local/lib/python3.10/dist-packages:/home/maze/ros2_ws/install/dynamixel_sdk/local/lib/python3.10/dist-packages:${PYTHONPATH} /usr/bin/cmake /home/maze/ros2_ws/src/turtlebot3/turtlebot3 -DAMENT_CMAKE_SYMLINK_INSTALL=1 -DCMAKE_INSTALL_PREFIX=/home/maze/ros2_ws/install/turtlebot3
[0.482s] Invoking command in '/home/maze/ros2_ws/build/turtlebot3': AMENT_PREFIX_PATH=/home/maze/ros2_ws/install/turtlebot3_bringup:/home/maze/ros2_ws/install/turtlebot3_node:/home/maze/ros2_ws/install/turtlebot3_example:/home/maze/ros2_ws/install/turtlebot3_teleop:/home/maze/ros2_ws/install/turtlebot3_navigation2:/home/maze/ros2_ws/install/turtlebot3_msgs:/home/maze/ros2_ws/install/turtlebot3_description:/home/maze/ros2_ws/install/turtlebot3_cartographer:/home/maze/ros2_ws/install/dynamixel_sdk:${AMENT_PREFIX_PATH} CMAKE_PREFIX_PATH=/home/maze/ros2_ws/install/turtlebot3_bringup:/home/maze/ros2_ws/install/turtlebot3_node:/home/maze/ros2_ws/install/turtlebot3_navigation2:/home/maze/ros2_ws/install/turtlebot3_msgs:/home/maze/ros2_ws/install/turtlebot3_description:/home/maze/ros2_ws/install/turtlebot3_cartographer:/home/maze/ros2_ws/install/dynamixel_sdk:/opt/ros/humble LD_LIBRARY_PATH=/home/maze/ros2_ws/install/turtlebot3_msgs/lib:/home/maze/ros2_ws/install/dynamixel_sdk/lib:${LD_LIBRARY_PATH} PYTHONPATH=/home/maze/ros2_ws/build/turtlebot3_example:/home/maze/ros2_ws/install/turtlebot3_example/lib/python3.10/site-packages:/home/maze/ros2_ws/build/turtlebot3_teleop:/home/maze/ros2_ws/install/turtlebot3_teleop/lib/python3.10/site-packages:/home/maze/ros2_ws/install/turtlebot3_msgs/local/lib/python3.10/dist-packages:/home/maze/ros2_ws/install/dynamixel_sdk/local/lib/python3.10/dist-packages:${PYTHONPATH} /usr/bin/cmake --build /home/maze/ros2_ws/build/turtlebot3 -- -j20 -l20
[0.515s] Invoked command in '/home/maze/ros2_ws/build/turtlebot3' returned '0': AMENT_PREFIX_PATH=/home/maze/ros2_ws/install/turtlebot3_bringup:/home/maze/ros2_ws/install/turtlebot3_node:/home/maze/ros2_ws/install/turtlebot3_example:/home/maze/ros2_ws/install/turtlebot3_teleop:/home/maze/ros2_ws/install/turtlebot3_navigation2:/home/maze/ros2_ws/install/turtlebot3_msgs:/home/maze/ros2_ws/install/turtlebot3_description:/home/maze/ros2_ws/install/turtlebot3_cartographer:/home/maze/ros2_ws/install/dynamixel_sdk:${AMENT_PREFIX_PATH} CMAKE_PREFIX_PATH=/home/maze/ros2_ws/install/turtlebot3_bringup:/home/maze/ros2_ws/install/turtlebot3_node:/home/maze/ros2_ws/install/turtlebot3_navigation2:/home/maze/ros2_ws/install/turtlebot3_msgs:/home/maze/ros2_ws/install/turtlebot3_description:/home/maze/ros2_ws/install/turtlebot3_cartographer:/home/maze/ros2_ws/install/dynamixel_sdk:/opt/ros/humble LD_LIBRARY_PATH=/home/maze/ros2_ws/install/turtlebot3_msgs/lib:/home/maze/ros2_ws/install/dynamixel_sdk/lib:${LD_LIBRARY_PATH} PYTHONPATH=/home/maze/ros2_ws/build/turtlebot3_example:/home/maze/ros2_ws/install/turtlebot3_example/lib/python3.10/site-packages:/home/maze/ros2_ws/build/turtlebot3_teleop:/home/maze/ros2_ws/install/turtlebot3_teleop/lib/python3.10/site-packages:/home/maze/ros2_ws/install/turtlebot3_msgs/local/lib/python3.10/dist-packages:/home/maze/ros2_ws/install/dynamixel_sdk/local/lib/python3.10/dist-packages:${PYTHONPATH} /usr/bin/cmake --build /home/maze/ros2_ws/build/turtlebot3 -- -j20 -l20
[0.517s] Invoking command in '/home/maze/ros2_ws/build/turtlebot3': AMENT_PREFIX_PATH=/home/maze/ros2_ws/install/turtlebot3_bringup:/home/maze/ros2_ws/install/turtlebot3_node:/home/maze/ros2_ws/install/turtlebot3_example:/home/maze/ros2_ws/install/turtlebot3_teleop:/home/maze/ros2_ws/install/turtlebot3_navigation2:/home/maze/ros2_ws/install/turtlebot3_msgs:/home/maze/ros2_ws/install/turtlebot3_description:/home/maze/ros2_ws/install/turtlebot3_cartographer:/home/maze/ros2_ws/install/dynamixel_sdk:${AMENT_PREFIX_PATH} CMAKE_PREFIX_PATH=/home/maze/ros2_ws/install/turtlebot3_bringup:/home/maze/ros2_ws/install/turtlebot3_node:/home/maze/ros2_ws/install/turtlebot3_navigation2:/home/maze/ros2_ws/install/turtlebot3_msgs:/home/maze/ros2_ws/install/turtlebot3_description:/home/maze/ros2_ws/install/turtlebot3_cartographer:/home/maze/ros2_ws/install/dynamixel_sdk:/opt/ros/humble LD_LIBRARY_PATH=/home/maze/ros2_ws/install/turtlebot3_msgs/lib:/home/maze/ros2_ws/install/dynamixel_sdk/lib:${LD_LIBRARY_PATH} PYTHONPATH=/home/maze/ros2_ws/build/turtlebot3_example:/home/maze/ros2_ws/install/turtlebot3_example/lib/python3.10/site-packages:/home/maze/ros2_ws/build/turtlebot3_teleop:/home/maze/ros2_ws/install/turtlebot3_teleop/lib/python3.10/site-packages:/home/maze/ros2_ws/install/turtlebot3_msgs/local/lib/python3.10/dist-packages:/home/maze/ros2_ws/install/dynamixel_sdk/local/lib/python3.10/dist-packages:${PYTHONPATH} /usr/bin/cmake --install /home/maze/ros2_ws/build/turtlebot3
[0.524s] -- Install configuration: ""
[0.525s] -- Execute custom install script
[0.525s] -- Symlinking: /home/maze/ros2_ws/install/turtlebot3/share/ament_index/resource_index/package_run_dependencies/turtlebot3
[0.536s] -- Symlinking: /home/maze/ros2_ws/install/turtlebot3/share/ament_index/resource_index/parent_prefix_path/turtlebot3
[0.544s] -- Symlinking: /home/maze/ros2_ws/install/turtlebot3/share/turtlebot3/environment/ament_prefix_path.sh
[0.553s] -- Symlinking: /home/maze/ros2_ws/install/turtlebot3/share/turtlebot3/environment/ament_prefix_path.dsv
[0.560s] -- Symlinking: /home/maze/ros2_ws/install/turtlebot3/share/turtlebot3/environment/path.sh
[0.567s] -- Symlinking: /home/maze/ros2_ws/install/turtlebot3/share/turtlebot3/environment/path.dsv
[0.575s] -- Symlinking: /home/maze/ros2_ws/install/turtlebot3/share/turtlebot3/local_setup.bash
[0.585s] -- Symlinking: /home/maze/ros2_ws/install/turtlebot3/share/turtlebot3/local_setup.sh
[0.592s] -- Symlinking: /home/maze/ros2_ws/install/turtlebot3/share/turtlebot3/local_setup.zsh
[0.598s] -- Symlinking: /home/maze/ros2_ws/install/turtlebot3/share/turtlebot3/local_setup.dsv
[0.604s] -- Symlinking: /home/maze/ros2_ws/install/turtlebot3/share/turtlebot3/package.dsv
[0.611s] -- Symlinking: /home/maze/ros2_ws/install/turtlebot3/share/ament_index/resource_index/packages/turtlebot3
[0.619s] -- Symlinking: /home/maze/ros2_ws/install/turtlebot3/share/turtlebot3/cmake/turtlebot3Config.cmake
[0.625s] -- Symlinking: /home/maze/ros2_ws/install/turtlebot3/share/turtlebot3/cmake/turtlebot3Config-version.cmake
[0.632s] -- Symlinking: /home/maze/ros2_ws/install/turtlebot3/share/turtlebot3/package.xml
[0.639s] Invoked command in '/home/maze/ros2_ws/build/turtlebot3' returned '0': AMENT_PREFIX_PATH=/home/maze/ros2_ws/install/turtlebot3_bringup:/home/maze/ros2_ws/install/turtlebot3_node:/home/maze/ros2_ws/install/turtlebot3_example:/home/maze/ros2_ws/install/turtlebot3_teleop:/home/maze/ros2_ws/install/turtlebot3_navigation2:/home/maze/ros2_ws/install/turtlebot3_msgs:/home/maze/ros2_ws/install/turtlebot3_description:/home/maze/ros2_ws/install/turtlebot3_cartographer:/home/maze/ros2_ws/install/dynamixel_sdk:${AMENT_PREFIX_PATH} CMAKE_PREFIX_PATH=/home/maze/ros2_ws/install/turtlebot3_bringup:/home/maze/ros2_ws/install/turtlebot3_node:/home/maze/ros2_ws/install/turtlebot3_navigation2:/home/maze/ros2_ws/install/turtlebot3_msgs:/home/maze/ros2_ws/install/turtlebot3_description:/home/maze/ros2_ws/install/turtlebot3_cartographer:/home/maze/ros2_ws/install/dynamixel_sdk:/opt/ros/humble LD_LIBRARY_PATH=/home/maze/ros2_ws/install/turtlebot3_msgs/lib:/home/maze/ros2_ws/install/dynamixel_sdk/lib:${LD_LIBRARY_PATH} PYTHONPATH=/home/maze/ros2_ws/build/turtlebot3_example:/home/maze/ros2_ws/install/turtlebot3_example/lib/python3.10/site-packages:/home/maze/ros2_ws/build/turtlebot3_teleop:/home/maze/ros2_ws/install/turtlebot3_teleop/lib/python3.10/site-packages:/home/maze/ros2_ws/install/turtlebot3_msgs/local/lib/python3.10/dist-packages:/home/maze/ros2_ws/install/dynamixel_sdk/local/lib/python3.10/dist-packages:${PYTHONPATH} /usr/bin/cmake --install /home/maze/ros2_ws/build/turtlebot3
