[0.038s] Invoking command in '/home/maze/ros2_ws/build/dynamixel_sdk_examples': CMAKE_PREFIX_PATH=/home/maze/ros2_ws/install/dynamixel_sdk_custom_interfaces:/home/maze/ros2_ws/install/dynamixel_sdk:/home/maze/ros2_ws/install/turtlebot3:/home/maze/ros2_ws/install/turtlebot3_bringup:/home/maze/ros2_ws/install/turtlebot3_node:/home/maze/ros2_ws/install/turtlebot3_navigation2:/home/maze/ros2_ws/install/turtlebot3_msgs:/home/maze/ros2_ws/install/turtlebot3_description:/home/maze/ros2_ws/install/turtlebot3_cartographer:/home/maze/ros2_ws/install/dynamixel_sdk_examples:/home/maze/ros2_ws/install/turtlebot3_teleop:/home/maze/ros2_ws/install/turtlebot3_example:/opt/ros/humble LD_LIBRARY_PATH=/home/maze/ros2_ws/install/dynamixel_sdk_custom_interfaces/lib:/home/maze/ros2_ws/install/dynamixel_sdk/lib:/home/maze/ros2_ws/install/turtlebot3_msgs/lib:/usr/lib/x86_64-linux-gnu/gazebo-11/plugins:/opt/ros/humble/opt/rviz_ogre_vendor/lib:/opt/ros/humble/lib/x86_64-linux-gnu:/opt/ros/humble/lib /usr/bin/cmake --build /home/maze/ros2_ws/build/dynamixel_sdk_examples -- -j20 -l20
[0.089s] [35m[1mConsolidate compiler generated dependencies of target read_write_node[0m
[0.109s] [100%] Built target read_write_node
[0.284s] Invoked command in '/home/maze/ros2_ws/build/dynamixel_sdk_examples' returned '0': CMAKE_PREFIX_PATH=/home/maze/ros2_ws/install/dynamixel_sdk_custom_interfaces:/home/maze/ros2_ws/install/dynamixel_sdk:/home/maze/ros2_ws/install/turtlebot3:/home/maze/ros2_ws/install/turtlebot3_bringup:/home/maze/ros2_ws/install/turtlebot3_node:/home/maze/ros2_ws/install/turtlebot3_navigation2:/home/maze/ros2_ws/install/turtlebot3_msgs:/home/maze/ros2_ws/install/turtlebot3_description:/home/maze/ros2_ws/install/turtlebot3_cartographer:/home/maze/ros2_ws/install/dynamixel_sdk_examples:/home/maze/ros2_ws/install/turtlebot3_teleop:/home/maze/ros2_ws/install/turtlebot3_example:/opt/ros/humble LD_LIBRARY_PATH=/home/maze/ros2_ws/install/dynamixel_sdk_custom_interfaces/lib:/home/maze/ros2_ws/install/dynamixel_sdk/lib:/home/maze/ros2_ws/install/turtlebot3_msgs/lib:/usr/lib/x86_64-linux-gnu/gazebo-11/plugins:/opt/ros/humble/opt/rviz_ogre_vendor/lib:/opt/ros/humble/lib/x86_64-linux-gnu:/opt/ros/humble/lib /usr/bin/cmake --build /home/maze/ros2_ws/build/dynamixel_sdk_examples -- -j20 -l20
[0.284s] Invoking command in '/home/maze/ros2_ws/build/dynamixel_sdk_examples': CMAKE_PREFIX_PATH=/home/maze/ros2_ws/install/dynamixel_sdk_custom_interfaces:/home/maze/ros2_ws/install/dynamixel_sdk:/home/maze/ros2_ws/install/turtlebot3:/home/maze/ros2_ws/install/turtlebot3_bringup:/home/maze/ros2_ws/install/turtlebot3_node:/home/maze/ros2_ws/install/turtlebot3_navigation2:/home/maze/ros2_ws/install/turtlebot3_msgs:/home/maze/ros2_ws/install/turtlebot3_description:/home/maze/ros2_ws/install/turtlebot3_cartographer:/home/maze/ros2_ws/install/dynamixel_sdk_examples:/home/maze/ros2_ws/install/turtlebot3_teleop:/home/maze/ros2_ws/install/turtlebot3_example:/opt/ros/humble LD_LIBRARY_PATH=/home/maze/ros2_ws/install/dynamixel_sdk_custom_interfaces/lib:/home/maze/ros2_ws/install/dynamixel_sdk/lib:/home/maze/ros2_ws/install/turtlebot3_msgs/lib:/usr/lib/x86_64-linux-gnu/gazebo-11/plugins:/opt/ros/humble/opt/rviz_ogre_vendor/lib:/opt/ros/humble/lib/x86_64-linux-gnu:/opt/ros/humble/lib /usr/bin/cmake --install /home/maze/ros2_ws/build/dynamixel_sdk_examples
[0.294s] -- Install configuration: ""
[0.296s] -- Execute custom install script
[0.296s] -- Up-to-date symlink: /home/maze/ros2_ws/install/dynamixel_sdk_examples/lib/dynamixel_sdk_examples/read_write_node
[0.296s] -- Up-to-date symlink: /home/maze/ros2_ws/install/dynamixel_sdk_examples/lib/dynamixel_sdk_examples/read_write_node.py
[0.296s] -- Up-to-date symlink: /home/maze/ros2_ws/install/dynamixel_sdk_examples/share/ament_index/resource_index/package_run_dependencies/dynamixel_sdk_examples
[0.296s] -- Up-to-date symlink: /home/maze/ros2_ws/install/dynamixel_sdk_examples/share/ament_index/resource_index/parent_prefix_path/dynamixel_sdk_examples
[0.296s] -- Up-to-date symlink: /home/maze/ros2_ws/install/dynamixel_sdk_examples/share/dynamixel_sdk_examples/environment/ament_prefix_path.sh
[0.296s] -- Up-to-date symlink: /home/maze/ros2_ws/install/dynamixel_sdk_examples/share/dynamixel_sdk_examples/environment/ament_prefix_path.dsv
[0.296s] -- Up-to-date symlink: /home/maze/ros2_ws/install/dynamixel_sdk_examples/share/dynamixel_sdk_examples/environment/path.sh
[0.297s] -- Up-to-date symlink: /home/maze/ros2_ws/install/dynamixel_sdk_examples/share/dynamixel_sdk_examples/environment/path.dsv
[0.297s] -- Up-to-date symlink: /home/maze/ros2_ws/install/dynamixel_sdk_examples/share/dynamixel_sdk_examples/local_setup.bash
[0.297s] -- Up-to-date symlink: /home/maze/ros2_ws/install/dynamixel_sdk_examples/share/dynamixel_sdk_examples/local_setup.sh
[0.297s] -- Up-to-date symlink: /home/maze/ros2_ws/install/dynamixel_sdk_examples/share/dynamixel_sdk_examples/local_setup.zsh
[0.297s] -- Up-to-date symlink: /home/maze/ros2_ws/install/dynamixel_sdk_examples/share/dynamixel_sdk_examples/local_setup.dsv
[0.297s] -- Symlinking: /home/maze/ros2_ws/install/dynamixel_sdk_examples/share/dynamixel_sdk_examples/package.dsv
[0.304s] -- Up-to-date symlink: /home/maze/ros2_ws/install/dynamixel_sdk_examples/share/ament_index/resource_index/packages/dynamixel_sdk_examples
[0.304s] -- Up-to-date symlink: /home/maze/ros2_ws/install/dynamixel_sdk_examples/share/dynamixel_sdk_examples/cmake/dynamixel_sdk_examplesConfig.cmake
[0.304s] -- Up-to-date symlink: /home/maze/ros2_ws/install/dynamixel_sdk_examples/share/dynamixel_sdk_examples/cmake/dynamixel_sdk_examplesConfig-version.cmake
[0.305s] -- Up-to-date symlink: /home/maze/ros2_ws/install/dynamixel_sdk_examples/share/dynamixel_sdk_examples/package.xml
[0.308s] Invoked command in '/home/maze/ros2_ws/build/dynamixel_sdk_examples' returned '0': CMAKE_PREFIX_PATH=/home/maze/ros2_ws/install/dynamixel_sdk_custom_interfaces:/home/maze/ros2_ws/install/dynamixel_sdk:/home/maze/ros2_ws/install/turtlebot3:/home/maze/ros2_ws/install/turtlebot3_bringup:/home/maze/ros2_ws/install/turtlebot3_node:/home/maze/ros2_ws/install/turtlebot3_navigation2:/home/maze/ros2_ws/install/turtlebot3_msgs:/home/maze/ros2_ws/install/turtlebot3_description:/home/maze/ros2_ws/install/turtlebot3_cartographer:/home/maze/ros2_ws/install/dynamixel_sdk_examples:/home/maze/ros2_ws/install/turtlebot3_teleop:/home/maze/ros2_ws/install/turtlebot3_example:/opt/ros/humble LD_LIBRARY_PATH=/home/maze/ros2_ws/install/dynamixel_sdk_custom_interfaces/lib:/home/maze/ros2_ws/install/dynamixel_sdk/lib:/home/maze/ros2_ws/install/turtlebot3_msgs/lib:/usr/lib/x86_64-linux-gnu/gazebo-11/plugins:/opt/ros/humble/opt/rviz_ogre_vendor/lib:/opt/ros/humble/lib/x86_64-linux-gnu:/opt/ros/humble/lib /usr/bin/cmake --install /home/maze/ros2_ws/build/dynamixel_sdk_examples
