[0.581s] Invoking command in '/home/maze/ros2_ws/src/color_navigator': PYTHONPATH=/home/maze/ros2_ws/build/color_navigator/prefix_override:/usr/lib/python3/dist-packages/colcon_core/task/python/colcon_distutils_commands:/home/maze/ros2_ws/install/color_navigator/lib/python3.10/site-packages:${PYTHONPATH} /usr/bin/python3 -W ignore:setup.py install is deprecated -W ignore:easy_install command is deprecated setup.py egg_info --egg-base ../../build/color_navigator build --build-base /home/maze/ros2_ws/build/color_navigator/build install --record /home/maze/ros2_ws/build/color_navigator/install.log --single-version-externally-managed install_data
[0.758s] running egg_info
[0.758s] creating ../../build/color_navigator/color_navigator.egg-info
[0.759s] writing ../../build/color_navigator/color_navigator.egg-info/PKG-INFO
[0.759s] writing dependency_links to ../../build/color_navigator/color_navigator.egg-info/dependency_links.txt
[0.759s] writing entry points to ../../build/color_navigator/color_navigator.egg-info/entry_points.txt
[0.759s] writing requirements to ../../build/color_navigator/color_navigator.egg-info/requires.txt
[0.759s] writing top-level names to ../../build/color_navigator/color_navigator.egg-info/top_level.txt
[0.759s] writing manifest file '../../build/color_navigator/color_navigator.egg-info/SOURCES.txt'
[0.761s] reading manifest file '../../build/color_navigator/color_navigator.egg-info/SOURCES.txt'
[0.761s] writing manifest file '../../build/color_navigator/color_navigator.egg-info/SOURCES.txt'
[0.761s] running build
[0.762s] running build_py
[0.762s] creating /home/maze/ros2_ws/build/color_navigator/build
[0.762s] creating /home/maze/ros2_ws/build/color_navigator/build/lib
[0.762s] creating /home/maze/ros2_ws/build/color_navigator/build/lib/color_navigator
[0.762s] copying color_navigator/__init__.py -> /home/maze/ros2_ws/build/color_navigator/build/lib/color_navigator
[0.762s] copying color_navigator/color_detector_node.py -> /home/maze/ros2_ws/build/color_navigator/build/lib/color_navigator
[0.762s] copying color_navigator/robot_controller_node.py -> /home/maze/ros2_ws/build/color_navigator/build/lib/color_navigator
[0.763s] running install
[0.763s] running install_lib
[0.763s] creating /home/maze/ros2_ws/install/color_navigator/lib/python3.10/site-packages/color_navigator
[0.763s] copying /home/maze/ros2_ws/build/color_navigator/build/lib/color_navigator/__init__.py -> /home/maze/ros2_ws/install/color_navigator/lib/python3.10/site-packages/color_navigator
[0.763s] copying /home/maze/ros2_ws/build/color_navigator/build/lib/color_navigator/color_detector_node.py -> /home/maze/ros2_ws/install/color_navigator/lib/python3.10/site-packages/color_navigator
[0.763s] copying /home/maze/ros2_ws/build/color_navigator/build/lib/color_navigator/robot_controller_node.py -> /home/maze/ros2_ws/install/color_navigator/lib/python3.10/site-packages/color_navigator
[0.764s] byte-compiling /home/maze/ros2_ws/install/color_navigator/lib/python3.10/site-packages/color_navigator/__init__.py to __init__.cpython-310.pyc
[0.764s] byte-compiling /home/maze/ros2_ws/install/color_navigator/lib/python3.10/site-packages/color_navigator/color_detector_node.py to color_detector_node.cpython-310.pyc
[0.765s] byte-compiling /home/maze/ros2_ws/install/color_navigator/lib/python3.10/site-packages/color_navigator/robot_controller_node.py to robot_controller_node.cpython-310.pyc
[0.766s] running install_data
[0.766s] creating /home/maze/ros2_ws/install/color_navigator/share/ament_index
[0.766s] creating /home/maze/ros2_ws/install/color_navigator/share/ament_index/resource_index
[0.766s] creating /home/maze/ros2_ws/install/color_navigator/share/ament_index/resource_index/packages
[0.766s] copying resource/color_navigator -> /home/maze/ros2_ws/install/color_navigator/share/ament_index/resource_index/packages
[0.766s] copying package.xml -> /home/maze/ros2_ws/install/color_navigator/share/color_navigator
[0.766s] creating /home/maze/ros2_ws/install/color_navigator/share/color_navigator/launch
[0.767s] copying launch/navigate_box.launch.py -> /home/maze/ros2_ws/install/color_navigator/share/color_navigator/launch
[0.767s] copying launch/Maps_box.launch.py -> /home/maze/ros2_ws/install/color_navigator/share/color_navigator/launch
[0.767s] creating /home/maze/ros2_ws/install/color_navigator/share/color_navigator/models
[0.767s] creating /home/maze/ros2_ws/install/color_navigator/share/color_navigator/models/colored_box
[0.767s] copying models/colored_box/model.config -> /home/maze/ros2_ws/install/color_navigator/share/color_navigator/models/colored_box
[0.767s] copying models/colored_box/model.sdf -> /home/maze/ros2_ws/install/color_navigator/share/color_navigator/models/colored_box
[0.767s] creating /home/maze/ros2_ws/install/color_navigator/share/color_navigator/models/camera_robot
[0.767s] copying models/camera_robot/model.config -> /home/maze/ros2_ws/install/color_navigator/share/color_navigator/models/camera_robot
[0.767s] copying models/camera_robot/model.sdf -> /home/maze/ros2_ws/install/color_navigator/share/color_navigator/models/camera_robot
[0.767s] creating /home/maze/ros2_ws/install/color_navigator/share/color_navigator/worlds
[0.767s] copying worlds/box_world.world -> /home/maze/ros2_ws/install/color_navigator/share/color_navigator/worlds
[0.767s] running install_egg_info
[0.768s] Copying ../../build/color_navigator/color_navigator.egg-info to /home/maze/ros2_ws/install/color_navigator/lib/python3.10/site-packages/color_navigator-0.0.1-py3.10.egg-info
[0.768s] running install_scripts
[0.784s] Installing color_detector script to /home/maze/ros2_ws/install/color_navigator/bin
[0.784s] Installing robot_controller script to /home/maze/ros2_ws/install/color_navigator/bin
[0.784s] writing list of installed files to '/home/maze/ros2_ws/build/color_navigator/install.log'
[0.802s] Invoked command in '/home/maze/ros2_ws/src/color_navigator' returned '0': PYTHONPATH=/home/maze/ros2_ws/build/color_navigator/prefix_override:/usr/lib/python3/dist-packages/colcon_core/task/python/colcon_distutils_commands:/home/maze/ros2_ws/install/color_navigator/lib/python3.10/site-packages:${PYTHONPATH} /usr/bin/python3 -W ignore:setup.py install is deprecated -W ignore:easy_install command is deprecated setup.py egg_info --egg-base ../../build/color_navigator build --build-base /home/maze/ros2_ws/build/color_navigator/build install --record /home/maze/ros2_ws/build/color_navigator/install.log --single-version-externally-managed install_data
