[0.018s] Invoking command in '/home/maze/ros2_ws/build/turtlebot3_description': CMAKE_PREFIX_PATH=/opt/ros/humble /usr/bin/cmake /home/maze/ros2_ws/src/turtlebot3/turtlebot3_description -DAMENT_CMAKE_SYMLINK_INSTALL=1 -DCMAKE_INSTALL_PREFIX=/home/maze/ros2_ws/install/turtlebot3_description
[0.121s] -- The C compiler identification is GNU 11.4.0
[0.192s] -- The CXX compiler identification is GNU 11.4.0
[0.202s] -- Detecting C compiler ABI info
[0.291s] -- Detecting C compiler ABI info - done
[0.299s] -- Check for working C compiler: /usr/bin/cc - skipped
[0.299s] -- Detecting C compile features
[0.300s] -- Detecting C compile features - done
[0.303s] -- Detecting CXX compiler ABI info
[0.403s] -- Detecting CXX compiler ABI info - done
[0.412s] -- Check for working CXX compiler: /usr/bin/c++ - skipped
[0.412s] -- Detecting CXX compile features
[0.413s] -- Detecting CXX compile features - done
[0.415s] -- Found ament_cmake: 1.3.12 (/opt/ros/humble/share/ament_cmake/cmake)
[0.603s] -- Found Python3: /usr/bin/python3 (found version "3.10.12") found components: Interpreter 
[0.679s] -- Override CMake install command with custom implementation using symlinks instead of copying resources
[0.705s] -- Found urdf: 2.6.1 (/opt/ros/humble/share/urdf/cmake)
[0.834s] -- Configuring done
[0.839s] -- Generating done
[0.842s] -- Build files have been written to: /home/maze/ros2_ws/build/turtlebot3_description
[0.853s] Invoked command in '/home/maze/ros2_ws/build/turtlebot3_description' returned '0': CMAKE_PREFIX_PATH=/opt/ros/humble /usr/bin/cmake /home/maze/ros2_ws/src/turtlebot3/turtlebot3_description -DAMENT_CMAKE_SYMLINK_INSTALL=1 -DCMAKE_INSTALL_PREFIX=/home/maze/ros2_ws/install/turtlebot3_description
[0.854s] Invoking command in '/home/maze/ros2_ws/build/turtlebot3_description': CMAKE_PREFIX_PATH=/opt/ros/humble /usr/bin/cmake --build /home/maze/ros2_ws/build/turtlebot3_description -- -j20 -l20
[0.905s] Invoked command in '/home/maze/ros2_ws/build/turtlebot3_description' returned '0': CMAKE_PREFIX_PATH=/opt/ros/humble /usr/bin/cmake --build /home/maze/ros2_ws/build/turtlebot3_description -- -j20 -l20
[0.907s] Invoking command in '/home/maze/ros2_ws/build/turtlebot3_description': CMAKE_PREFIX_PATH=/opt/ros/humble /usr/bin/cmake --install /home/maze/ros2_ws/build/turtlebot3_description
[0.916s] -- Install configuration: ""
[0.917s] -- Execute custom install script
[0.917s] -- Symlinking: /home/maze/ros2_ws/install/turtlebot3_description/share/turtlebot3_description/meshes/bases/burger_base.stl
[0.928s] -- Symlinking: /home/maze/ros2_ws/install/turtlebot3_description/share/turtlebot3_description/meshes/bases/waffle_base.stl
[0.939s] -- Symlinking: /home/maze/ros2_ws/install/turtlebot3_description/share/turtlebot3_description/meshes/bases/waffle_pi_base.stl
[0.954s] -- Symlinking: /home/maze/ros2_ws/install/turtlebot3_description/share/turtlebot3_description/meshes/sensors/astra.dae
[0.972s] -- Symlinking: /home/maze/ros2_ws/install/turtlebot3_description/share/turtlebot3_description/meshes/sensors/astra.jpg
[0.989s] -- Symlinking: /home/maze/ros2_ws/install/turtlebot3_description/share/turtlebot3_description/meshes/sensors/lds.stl
[1.004s] -- Symlinking: /home/maze/ros2_ws/install/turtlebot3_description/share/turtlebot3_description/meshes/sensors/r200.dae
[1.015s] -- Symlinking: /home/maze/ros2_ws/install/turtlebot3_description/share/turtlebot3_description/meshes/sensors/r200.jpg
[1.034s] -- Symlinking: /home/maze/ros2_ws/install/turtlebot3_description/share/turtlebot3_description/meshes/wheels/left_tire.stl
[1.052s] -- Symlinking: /home/maze/ros2_ws/install/turtlebot3_description/share/turtlebot3_description/meshes/wheels/right_tire.stl
[1.077s] -- Symlinking: /home/maze/ros2_ws/install/turtlebot3_description/share/turtlebot3_description/rviz/model.rviz
[1.095s] -- Symlinking: /home/maze/ros2_ws/install/turtlebot3_description/share/turtlebot3_description/urdf/common_properties.urdf
[1.111s] -- Symlinking: /home/maze/ros2_ws/install/turtlebot3_description/share/turtlebot3_description/urdf/turtlebot3_burger.urdf
[1.128s] -- Symlinking: /home/maze/ros2_ws/install/turtlebot3_description/share/turtlebot3_description/urdf/turtlebot3_waffle.urdf
[1.145s] -- Symlinking: /home/maze/ros2_ws/install/turtlebot3_description/share/turtlebot3_description/urdf/turtlebot3_waffle_pi.urdf
[1.157s] -- Symlinking: /home/maze/ros2_ws/install/turtlebot3_description/share/ament_index/resource_index/package_run_dependencies/turtlebot3_description
[1.175s] -- Symlinking: /home/maze/ros2_ws/install/turtlebot3_description/share/ament_index/resource_index/parent_prefix_path/turtlebot3_description
[1.199s] -- Symlinking: /home/maze/ros2_ws/install/turtlebot3_description/share/turtlebot3_description/environment/ament_prefix_path.sh
[1.212s] -- Symlinking: /home/maze/ros2_ws/install/turtlebot3_description/share/turtlebot3_description/environment/ament_prefix_path.dsv
[1.228s] -- Symlinking: /home/maze/ros2_ws/install/turtlebot3_description/share/turtlebot3_description/environment/path.sh
[1.247s] -- Symlinking: /home/maze/ros2_ws/install/turtlebot3_description/share/turtlebot3_description/environment/path.dsv
[1.267s] -- Symlinking: /home/maze/ros2_ws/install/turtlebot3_description/share/turtlebot3_description/local_setup.bash
[1.285s] -- Symlinking: /home/maze/ros2_ws/install/turtlebot3_description/share/turtlebot3_description/local_setup.sh
[1.299s] -- Symlinking: /home/maze/ros2_ws/install/turtlebot3_description/share/turtlebot3_description/local_setup.zsh
[1.318s] -- Symlinking: /home/maze/ros2_ws/install/turtlebot3_description/share/turtlebot3_description/local_setup.dsv
[1.334s] -- Symlinking: /home/maze/ros2_ws/install/turtlebot3_description/share/turtlebot3_description/package.dsv
[1.354s] -- Symlinking: /home/maze/ros2_ws/install/turtlebot3_description/share/ament_index/resource_index/packages/turtlebot3_description
[1.372s] -- Symlinking: /home/maze/ros2_ws/install/turtlebot3_description/share/turtlebot3_description/cmake/turtlebot3_descriptionConfig.cmake
[1.388s] -- Symlinking: /home/maze/ros2_ws/install/turtlebot3_description/share/turtlebot3_description/cmake/turtlebot3_descriptionConfig-version.cmake
[1.400s] -- Symlinking: /home/maze/ros2_ws/install/turtlebot3_description/share/turtlebot3_description/package.xml
[1.421s] Invoked command in '/home/maze/ros2_ws/build/turtlebot3_description' returned '0': CMAKE_PREFIX_PATH=/opt/ros/humble /usr/bin/cmake --install /home/maze/ros2_ws/build/turtlebot3_description
